epoch: 1
Train AUC: 0.6773599816341351
Train Accuracy: 0.464704485409802
Train Precision: 0.21380502419912423
Train Recall: 0.826164395760976
Train F1: 0.33969863966751496
Test AUC: 0.6822381263490743
Test Accuracy: 0.46877769244402434
Test Precision: 0.21622367331923112
Test Recall: 0.8333924140375754
Test F1: 0.3433620563750548
one epoch time: 54.1946907043457
epoch: 2
Train AUC: 0.7411630291625358
Train Accuracy: 0.5455071689375723
Train Precision: 0.24553852613898802
Train Recall: 0.8331997506456497
Train F1: 0.3792998601341901
Test AUC: 0.741550253051879
Test Accuracy: 0.554026112128552
Test Precision: 0.24851063829787234
Test Recall: 0.8280751506557958
Test F1: 0.38229277473201867
one epoch time: 49.383288860321045
epoch: 3
Train AUC: 0.7612276683210267
Train Accuracy: 0.5400599637842491
Train Precision: 0.24874748861931284
Train Recall: 0.8710481788226913
Train F1: 0.3869831849653808
Test AUC: 0.7608123845620586
Test Accuracy: 0.5500088615820878
Test Precision: 0.2516055521027553
Test Recall: 0.8610421836228288
Test F1: 0.3894188376753507
one epoch time: 47.99235677719116
epoch: 4
Train AUC: 0.7772285553351344
Train Accuracy: 0.5739305963724879
Train Precision: 0.262405176867234
Train Recall: 0.8594710125567726
Train F1: 0.40205799033494416
Test AUC: 0.7792219671859085
Test Accuracy: 0.5830921013764991
Test Precision: 0.2661219081272085
Test Recall: 0.8543069833392414
Test F1: 0.40582638713479835
one epoch time: 48.11861252784729
epoch: 5
Train AUC: 0.7961623879164639
Train Accuracy: 0.6235491435865468
Train Precision: 0.2842269174401563
Train Recall: 0.8290141597648945
Train F1: 0.4233191605465997
Test AUC: 0.7976318639351528
Test Accuracy: 0.6292314054469191
Test Precision: 0.28601511210206865
Test Recall: 0.8185040765685927
Test F1: 0.42390306590783916
one epoch time: 48.77188420295715
epoch: 6
Train AUC: 0.8130111409476315
Train Accuracy: 0.6247662302965535
Train Precision: 0.2893127024109392
Train Recall: 0.8592038471814053
Train F1: 0.4328689683020392
Test AUC: 0.8071927980546139
Test Accuracy: 0.6317717256454186
Test Precision: 0.2896424167694205
Test Recall: 0.8326834455866714
Test F1: 0.42978684475345347
one epoch time: 48.64155030250549
epoch: 7
Train AUC: 0.8275058376550527
Train Accuracy: 0.6400391842550539
Train Precision: 0.29956598023824915
Train Recall: 0.8666844776916911
Train F1: 0.4452374416689542
Test AUC: 0.8220299833443178
Test Accuracy: 0.6499675075323448
Test Precision: 0.3021921998470558
Test Recall: 0.8404820985466147
Test F1: 0.4445486078560045
one epoch time: 48.86866617202759
epoch: 8
Train AUC: 0.8369892321972289
Train Accuracy: 0.6712975331730341
Train Precision: 0.31780099469274675
Train Recall: 0.8478938462908541
Train F1: 0.4623191220743906
Test AUC: 0.8290412747198466
Test Accuracy: 0.6799787322029893
Test Precision: 0.3199223085460599
Test Recall: 0.8174406238922368
Test F1: 0.4598663874763187
one epoch time: 47.719035625457764
epoch: 9
Train AUC: 0.8489768601887909
Train Accuracy: 0.6650043043310476
Train Precision: 0.3171691117201354
Train Recall: 0.8760352658295485
Train F1: 0.46572294290313415
Test AUC: 0.8380154854270193
Test Accuracy: 0.6689903704141312
Test Precision: 0.31576158940397353
Test Recall: 0.8450903934774903
Test F1: 0.45974351557226883
one epoch time: 45.0798921585083
epoch: 10
Train AUC: 0.8541751701859779
Train Accuracy: 0.6929676136194971
Train Precision: 0.3352151942847186
Train Recall: 0.8566212485528543
Train F1: 0.4818655445346158
Test AUC: 0.841037132989082
Test Accuracy: 0.6942754179712884
Test Precision: 0.33118187033849683
Test Recall: 0.8185040765685927
Test F1: 0.471561319309711
one epoch time: 49.10028648376465
epoch: 11
Train AUC: 0.8612500792189315
Train Accuracy: 0.7084928904325111
Train Precision: 0.34660976766239926
Train Recall: 0.8462908540386499
Train F1: 0.49179733995756353
Test AUC: 0.8486655048550467
Test Accuracy: 0.7133573580669935
Test Precision: 0.34643883260244973
Test Recall: 0.8121233605104573
Test F1: 0.48569005723977104
one epoch time: 50.395193338394165
epoch: 12
Train AUC: 0.862656966200951
Train Accuracy: 0.6857096209220174
Train Precision: 0.33281785786324214
Train Recall: 0.8816457387122629
Train F1: 0.48322147651006714
Test AUC: 0.8459207902409834
Test Accuracy: 0.686831689017546
Test Precision: 0.3278256039988892
Test Recall: 0.836937256292095
Test F1: 0.47111643220592636
one epoch time: 50.48431587219238
epoch: 13
Train AUC: 0.8768911475216429
Train Accuracy: 0.714014308190103
Train Precision: 0.3553460251196603
Train Recall: 0.8793303054590792
Train F1: 0.5061513225343449
Test AUC: 0.8559505376645646
Test Accuracy: 0.7121167365747031
Test Precision: 0.34790987251704714
Test Recall: 0.8319744771357674
Test F1: 0.4906449252639281
one epoch time: 47.56120014190674
epoch: 14
Train AUC: 0.8834799515056023
Train Accuracy: 0.6767595808472111
Train Precision: 0.33205973190689975
Train Recall: 0.9287558999020393
Train F1: 0.4892109954029459
Test AUC: 0.8580718892802975
Test Accuracy: 0.674957169019909
Test Precision: 0.3255238838995184
Test Recall: 0.8865650478553704
Test F1: 0.4761995430312262
one epoch time: 47.88067698478699
epoch: 15
Train AUC: 0.8897393197316201
Train Accuracy: 0.7369905304716953
Train Precision: 0.37638545039040183
Train Recall: 0.8800427464600588
Train F1: 0.5272649663856579
Test AUC: 0.862083773171711
Test Accuracy: 0.7259998818455722
Test Precision: 0.357624196834352
Test Recall: 0.8089330024813896
Test F1: 0.49597913497065854
one epoch time: 48.76411461830139
epoch: 16
Train AUC: 0.8943933521495099
Train Accuracy: 0.7247899783299195
Train Precision: 0.3673691465051326
Train Recall: 0.9019503072401817
Train F1: 0.5220887674622403
Test AUC: 0.8643828695008015
Test Accuracy: 0.7182016896083181
Test Precision: 0.3540949243898787
Test Recall: 0.8383551931939028
Test F1: 0.4978947368421053
one epoch time: 48.157150983810425
epoch: 17
Train AUC: 0.9037323011662717
Train Accuracy: 0.7155579303588921
Train Precision: 0.36240679729495406
Train Recall: 0.9306260575296108
Train F1: 0.5216653354632588
Test AUC: 0.8679085375412265
Test Accuracy: 0.706209015182844
Test Precision: 0.3468981217985202
Test Recall: 0.8642325416518964
Test F1: 0.49507564219717737
one epoch time: 47.62989020347595
epoch: 18
Train AUC: 0.9079650835704507
Train Accuracy: 0.7480185234660255
Train Precision: 0.39041409288492335
Train Recall: 0.9118354261287737
Train F1: 0.5467360832999599
Test AUC: 0.8651461313849317
Test Accuracy: 0.7301352868198736
Test Precision: 0.36362217017954723
Test Recall: 0.825593761077632
Test F1: 0.5048775200520269
one epoch time: 47.976125717163086
epoch: 19
Train AUC: 0.9112878461579812
Train Accuracy: 0.7481817911954166
Train Precision: 0.3907779004683395
Train Recall: 0.9139727491317126
Train F1: 0.5474767950496106
Test AUC: 0.8705323641383794
Test Accuracy: 0.731080522242571
Test Precision: 0.3650397629814439
Test Recall: 0.8298475717830557
Test F1: 0.5070392029456356
one epoch time: 47.064011573791504
epoch: 20
Train AUC: 0.9196885138977346
Train Accuracy: 0.7675809659512571
Train Precision: 0.411745955853056
Train Recall: 0.9202956630154066
Train F1: 0.5689432102843615
Test AUC: 0.871127493546231
Test Accuracy: 0.7439002776629055
Test Precision: 0.3772697795071336
Test Recall: 0.8248847926267281
Test F1: 0.5177439092223829
one epoch time: 43.304404735565186
epoch: 21
Train AUC: 0.9221032282693024
Train Accuracy: 0.7592691542731618
Train Precision: 0.4039793719211823
Train Recall: 0.934811648410366
Train F1: 0.5641576868298713
Test AUC: 0.8698040078681124
Test Accuracy: 0.7302534412477107
Test Precision: 0.3644133644133644
Test Recall: 0.8312655086848635
Test F1: 0.5066983578219534
one epoch time: 43.5098991394043
epoch: 22
Train AUC: 0.9285637632118362
Train Accuracy: 0.7939561255083564
Train Precision: 0.44283066844804553
Train Recall: 0.9150414106331819
Train F1: 0.596828531598513
Test AUC: 0.8733179024887425
Test Accuracy: 0.7582560406451232
Test Precision: 0.38895684081775295
Test Recall: 0.7890818858560794
Test F1: 0.5210674157303371
one epoch time: 45.28092956542969
epoch: 23
Train AUC: 0.9322550120988158
Train Accuracy: 0.7998782913289993
Train Precision: 0.45066106295420716
Train Recall: 0.9167334580105085
Train F1: 0.6042675589210765
Test AUC: 0.8712298230348202
Test Accuracy: 0.7618006734802387
Test Precision: 0.3923172683620843
Test Recall: 0.7819922013470401
Test F1: 0.5225011842728564
one epoch time: 44.688417196273804
epoch: 24
Train AUC: 0.9384806743597639
Train Accuracy: 0.8058004571496423
Train Precision: 0.45911395195062815
Train Recall: 0.927509128150325
Train F1: 0.6142006251105738
Test AUC: 0.871487644593804
Test Accuracy: 0.7633957582560407
Test Precision: 0.394247945694891
Test Recall: 0.782346685572492
Test F1: 0.5242902957595914
one epoch time: 44.52973437309265
epoch: 25
Train AUC: 0.9428276414704586
Train Accuracy: 0.7915813221717577
Train Precision: 0.4419880387708806
Train Recall: 0.9543147208121827
Train F1: 0.6041607938208265
Test AUC: 0.872987329488338
Test Accuracy: 0.7483901459207184
Test Precision: 0.3794433266264252
Test Recall: 0.8021978021978022
Test F1: 0.5151963574274331
one epoch time: 45.205718755722046
epoch: 26
Train AUC: 0.9485119010726595
Train Accuracy: 0.8283907738890374
Train Precision: 0.49220250081955697
Train Recall: 0.9359693650369578
Train F1: 0.645141489165797
Test AUC: 0.8720030238464398
Test Accuracy: 0.7755065871093519
Test Precision: 0.4077633314490296
Test Recall: 0.7671038638780574
Test F1: 0.53248031496063
one epoch time: 45.81716227531433
epoch: 27
Train AUC: 0.9529047971209808
Train Accuracy: 0.8262386083652448
Train Precision: 0.4890125045972784
Train Recall: 0.9472793659275092
Train F1: 0.6450380522118796
Test AUC: 0.8743608113642829
Test Accuracy: 0.7729662669108525
Test Precision: 0.40533530937384216
Test Recall: 0.7756114852889047
Test F1: 0.5324248692054995
one epoch time: 47.539511919021606
epoch: 28
Train AUC: 0.9575938845356247
Train Accuracy: 0.8321607741858877
Train Precision: 0.49816441284446306
Train Recall: 0.9546709413126725
Train F1: 0.6546964700134359
Test AUC: 0.8733818081590478
Test Accuracy: 0.7736751934778756
Test Precision: 0.4062035661218425
Test Recall: 0.7752570010634526
Test F1: 0.5330895795246801
one epoch time: 48.44243836402893
epoch: 29
Train AUC: 0.9603897697526491
Train Accuracy: 0.8276486478463502
Train Precision: 0.49136336986424933
Train Recall: 0.9702555882091014
Train F1: 0.6523561463385426
Test AUC: 0.8718464637497032
Test Accuracy: 0.7673539315885863
Test Precision: 0.3991331045692613
Test Recall: 0.783410138248848
Test F1: 0.5288346494376646
one epoch time: 48.79481053352356
epoch: 30
Train AUC: 0.9638987455044272
Train Accuracy: 0.843292664826194
Train Precision: 0.5159389994774098
Train Recall: 0.9671386588298156
Train F1: 0.6729041452382427
Test AUC: 0.8744762838593878
Test Accuracy: 0.7802327642228393
Test Precision: 0.4139712918660287
Test Recall: 0.7667493796526055
Test F1: 0.5376584638329605
one epoch time: 47.19487929344177
epoch: 31
Train AUC: 0.968926075847415
Train Accuracy: 0.8560275477187046
Train Precision: 0.5377549508617709
Train Recall: 0.9697212574583667
Train F1: 0.6918482749857043
Test AUC: 0.8751898511060707
Test Accuracy: 0.7893897323802209
Test Precision: 0.42536115569823435
Test Recall: 0.7515065579581709
Test F1: 0.5432415118513774
one epoch time: 47.90587663650513
epoch: 32
Train AUC: 0.9695625388446378
Train Accuracy: 0.870484163030249
Train Precision: 0.5658510918179427
Train Recall: 0.9576988155668359
Train F1: 0.71138453396838
Test AUC: 0.8704243426976376
Test Accuracy: 0.7944703727772199
Test Precision: 0.4303851036817605
Test Recall: 0.7210209145693016
Test F1: 0.53902212799788
one epoch time: 49.37077522277832
epoch: 33
Train AUC: 0.9764266460135548
Train Accuracy: 0.8795974708344465
Train Precision: 0.583044706133106
Train Recall: 0.9744411790898566
Train F1: 0.7295639418589145
Test AUC: 0.8727072929814387
Test Accuracy: 0.8006144030247534
Test Precision: 0.4401727861771058
Test Recall: 0.7224388514711095
Test F1: 0.5470406656824587
one epoch time: 48.692261934280396
epoch: 34
Train AUC: 0.9777659902069816
Train Accuracy: 0.8871819989907086
Train Precision: 0.5992015749753911
Train Recall: 0.9757770059666934
Train F1: 0.7424699305437913
Test AUC: 0.8757271940063065
Test Accuracy: 0.8040408814320317
Test Precision: 0.4458751636839808
Test Recall: 0.7242112725983694
Test F1: 0.5519384033499932
one epoch time: 49.039886236190796
epoch: 35
Train AUC: 0.9801751371462013
Train Accuracy: 0.8865586131148514
Train Precision: 0.597234273318872
Train Recall: 0.9807640929735506
Train F1: 0.7423910478951093
Test AUC: 0.876377006362874
Test Accuracy: 0.8007325574525905
Test Precision: 0.44115138592750536
Test Recall: 0.7334278624601205
Test F1: 0.5509253095459992
one epoch time: 48.04451894760132
epoch: 36
Train AUC: 0.9827042868380481
Train Accuracy: 0.8954492831062427
Train Precision: 0.6168406946228153
Train Recall: 0.983791967227714
Train F1: 0.7582538266181619
Test AUC: 0.8742404510780356
Test Accuracy: 0.809475985112542
Test Precision: 0.4548502458649978
Test Recall: 0.7213753987947537
Test F1: 0.5579163810829335
one epoch time: 47.756298542022705
epoch: 37
Train AUC: 0.9856748038497225
Train Accuracy: 0.8959687713361237
Train Precision: 0.6169493404278905
Train Recall: 0.9912725977379998
Train F1: 0.7605479826449387
Test AUC: 0.8734761337325792
Test Accuracy: 0.8044544219294618
Test Precision: 0.44606221045665123
Test Recall: 0.7167671038638781
Test F1: 0.5499048137068262
one epoch time: 47.96486306190491
epoch: 38
Train AUC: 0.9850412585994526
Train Accuracy: 0.9079170006233859
Train Precision: 0.6467496057473279
Train Recall: 0.9861074004808976
Train F1: 0.7811640211640212
Test AUC: 0.8727718017725015
Test Accuracy: 0.8122526141667159
Test Precision: 0.45814771395076204
Test Recall: 0.6926621765331443
Test F1: 0.5515100197572679
one epoch time: 48.279367208480835
epoch: 39
Train AUC: 0.9881359134908569
Train Accuracy: 0.9126072372131683
Train Precision: 0.6582706098500563
Train Recall: 0.989135274735061
Train F1: 0.7904775460821294
Test AUC: 0.872624489527386
Test Accuracy: 0.8139067761564365
Test Precision: 0.46104664930144446
Test Recall: 0.6901807869549805
Test F1: 0.5528109028960818
one epoch time: 47.435380935668945
epoch: 40
Train AUC: 0.9904781433828121
Train Accuracy: 0.9270193249621516
Train Precision: 0.6986154814348647
Train Recall: 0.9886009439843263
Train F1: 0.8186880047199381
Test AUC: 0.8742223700203146
Test Accuracy: 0.829444083417026
Test Precision: 0.4915859255481897
Test Recall: 0.6834455866713931
Test F1: 0.5718522912650156
one epoch time: 48.45379137992859
epoch: 41
Train AUC: 0.9914755480948791
Train Accuracy: 0.9383144833318491
Train Precision: 0.7341897887557115
Train Recall: 0.987354172232612
Train F1: 0.8421572350930497
Test AUC: 0.8718281816517297
Test Accuracy: 0.8318662491876883
Test Precision: 0.496649691771643
Test Recall: 0.6568592697624955
Test F1: 0.5656288156288156
one epoch time: 48.32168936729431
epoch: 42
Train AUC: 0.9934105671023865
Train Accuracy: 0.9366372784753763
Train Precision: 0.7265625
Train Recall: 0.9938551963665508
Train F1: 0.8394448832223852
Test AUC: 0.8719113620562557
Test Accuracy: 0.8279671530690612
Test Precision: 0.4881664499349805
Test Recall: 0.6653668911733428
Test F1: 0.5631563156315632
one epoch time: 48.429089307785034
epoch: 43
Train AUC: 0.9947960345384153
Train Accuracy: 0.9363107430165939
Train Precision: 0.724327470253492
Train Recall: 0.9975064564965713
Train F1: 0.8392462443337204
Test AUC: 0.8728781269361119
Test Accuracy: 0.8271991492881196
Test Precision: 0.48680872653475393
Test Recall: 0.6802552286423255
Test F1: 0.5674996303415644
one epoch time: 48.03587508201599
epoch: 44
Train AUC: 0.9949637649375817
Train Accuracy: 0.9406299165850328
Train Precision: 0.738533623704877
Train Recall: 0.9966159052453468
Train F1: 0.8483814722159048
Test AUC: 0.8726780667547123
Test Accuracy: 0.8271991492881196
Test Precision: 0.48656330749354004
Test Recall: 0.6674937965260546
Test F1: 0.562845613510686
one epoch time: 48.95785164833069
epoch: 45
Train AUC: 0.995804011027291
Train Accuracy: 0.9519102324338766
Train Precision: 0.7782654127481714
Train Recall: 0.9949238578680203
Train F1: 0.873358348968105
Test AUC: 0.8729502501267433
Test Accuracy: 0.8335794883913275
Test Precision: 0.5005443658138269
Test Recall: 0.651896490606168
Test F1: 0.5662817551963049
one epoch time: 49.471259355545044
epoch: 46
Train AUC: 0.9960095388991462
Train Accuracy: 0.9511681063911894
Train Precision: 0.7751819757365684
Train Recall: 0.9958144091192448
Train F1: 0.8717548920246355
Test AUC: 0.8722229744478343
Test Accuracy: 0.8338748744609205
Test Precision: 0.501221830029867
Test Recall: 0.6543778801843319
Test F1: 0.567650676506765
one epoch time: 46.681559562683105
epoch: 47
Train AUC: 0.9973269472505057
Train Accuracy: 0.9627304301362544
Train Precision: 0.8192471070748498
Train Recall: 0.9961706296197346
Train F1: 0.8990877305791103
Test AUC: 0.8736237726681052
Test Accuracy: 0.8453949311750458
Test Precision: 0.5301596688350089
Test Recall: 0.6355902162353775
Test F1: 0.5781073674028696
one epoch time: 45.23439598083496
epoch: 48
Train AUC: 0.9972020353232011
Train Accuracy: 0.9596283432778223
Train Precision: 0.8064097947425279
Train Recall: 0.9971502359960815
Train F1: 0.8916938759257784
Test AUC: 0.8715778991022196
Test Accuracy: 0.837833047793466
Test Precision: 0.5106681639528355
Test Recall: 0.6448068060971287
Test F1: 0.5699514334952217
one epoch time: 45.66565823554993
epoch: 49
Train AUC: 0.9972088153772102
Train Accuracy: 0.9648380680974856
Train Precision: 0.8283427216128076
Train Recall: 0.9952800783685101
Train F1: 0.904170543262813
Test AUC: 0.8718960829970559
Test Accuracy: 0.8461038577420689
Test Precision: 0.5319715808170515
Test Recall: 0.6370081531371854
Test F1: 0.5797709307952895
one epoch time: 44.996909379959106
epoch: 50
Train AUC: 0.9977873318723662
Train Accuracy: 0.9608305874669754
Train Precision: 0.8111416980585338
Train Recall: 0.9971502359960815
Train F1: 0.8945791555147206
Test AUC: 0.8701405366860013
Test Accuracy: 0.8371831984403616
Test Precision: 0.5090655509065551
Test Recall: 0.6469337114498405
Test F1: 0.5697783328129878
one epoch time: 48.631097078323364
epoch: 51
Train AUC: 0.9981199082331705
Train Accuracy: 0.971947635586428
Train Precision: 0.8577886751973028
Train Recall: 0.9969721257458367
Train F1: 0.9221581548599671
Test AUC: 0.8741575847989043
Test Accuracy: 0.8498257222189401
Test Precision: 0.5424657534246575
Test Recall: 0.6316908897554059
Test F1: 0.5836881755650181
one epoch time: 46.40621757507324
epoch: 52
Train AUC: 0.9984461589756832
Train Accuracy: 0.9757176358832784
Train Precision: 0.8751075310862595
Train Recall: 0.9965268501202245
Train F1: 0.9318787475016655
Test AUC: 0.8716431994892775
Test Accuracy: 0.8489395640101612
Test Precision: 0.5414572864321608
Test Recall: 0.6111308046791918
Test F1: 0.574188176519567
one epoch time: 45.2453978061676
epoch: 53
Train AUC: 0.9983320670597068
Train Accuracy: 0.9680143675601864
Train Precision: 0.8408203125
Train Recall: 0.9967940154955918
Train F1: 0.912187767409641
Test AUC: 0.8732116778452587
Test Accuracy: 0.8449813906776157
Test Precision: 0.5288941038427691
Test Recall: 0.6391350584898972
Test F1: 0.5788121990369182
one epoch time: 45.44046401977539
epoch: 54
Train AUC: 0.9985960688328467
Train Accuracy: 0.9756137382373022
Train Precision: 0.874863131550133
Train Recall: 0.9961706296197346
Train F1: 0.9315844264001666
Test AUC: 0.8712868556414886
Test Accuracy: 0.8510663437112306
Test Precision: 0.5472887767969735
Test Recall: 0.6153846153846154
Test F1: 0.5793425663273819
one epoch time: 45.44260859489441
epoch: 55
Train AUC: 0.9988481149019061
Train Accuracy: 0.9759105886543771
Train Precision: 0.8755864873318736
Train Recall: 0.9971502359960815
Train F1: 0.9324228671357788
Test AUC: 0.8720721439982976
Test Accuracy: 0.8492940272936729
Test Precision: 0.5409090909090909
Test Recall: 0.6327543424317618
Test F1: 0.5832380330011436
one epoch time: 44.164016008377075
epoch: 56
Train AUC: 0.9987613676440388
Train Accuracy: 0.9806750378484281
Train Precision: 0.8998630468057681
Train Recall: 0.9947457476177755
Train F1: 0.9449285170459352
Test AUC: 0.8715993098891247
Test Accuracy: 0.8554971347551249
Test Precision: 0.5622716705413484
Test Recall: 0.6001417936901808
Test F1: 0.5805898491083676
one epoch time: 44.934792280197144
epoch: 57
Train AUC: 0.9992280231615654
Train Accuracy: 0.9810757859114793
Train Precision: 0.8996306407579894
Train Recall: 0.9977736218719387
Train F1: 0.9461639150445467
Test AUC: 0.870001743521591
Test Accuracy: 0.8474626336621965
Test Precision: 0.5371926548397137
Test Recall: 0.6118397731300957
Test F1: 0.5720914816042426
one epoch time: 44.525475025177
epoch: 58
Train AUC: 0.9993258703885413
Train Accuracy: 0.9855285421676018
Train Precision: 0.9225317290258777
Train Recall: 0.9968830706207142
Train F1: 0.9582673458031931
Test AUC: 0.8683571965600204
Test Accuracy: 0.854197436048916
Test Precision: 0.5583471074380165
Test Recall: 0.5987238567883729
Test F1: 0.5778309955525145
one epoch time: 44.58088278770447
epoch: 59
Train AUC: 0.9993359449032302
Train Accuracy: 0.9847418885623535
Train Precision: 0.9183824132556804
Train Recall: 0.9970611808709591
Train F1: 0.9561058923996584
Test AUC: 0.8690065817060508
Test Accuracy: 0.8514208069947421
Test Precision: 0.5495787427090084
Test Recall: 0.6012052463665367
Test F1: 0.5742339597088201
one epoch time: 48.68484878540039
epoch: 60
Train AUC: 0.9994838736427291
Train Accuracy: 0.986834684002731
Train Precision: 0.9284885647994696
Train Recall: 0.9978626769970612
Train F1: 0.9619264282954887
Test AUC: 0.8714720765392409
Test Accuracy: 0.854906362615939
Test Precision: 0.5606513791957461
Test Recall: 0.598014888337469
Test F1: 0.5787307032590051
one epoch time: 51.08866882324219
epoch: 61
Train AUC: 0.9990613872149118
Train Accuracy: 0.9839700774779588
Train Precision: 0.915499877180054
Train Recall: 0.9957253539941223
Train F1: 0.9539288456616329
Test AUC: 0.8691833589131925
Test Accuracy: 0.8555562119690435
Test Precision: 0.5627084723148766
Test Recall: 0.598014888337469
Test F1: 0.5798247121498539
one epoch time: 49.102118492126465
epoch: 62
Train AUC: 0.9992599153491738
Train Accuracy: 0.984192715290765
Train Precision: 0.9164891001475168
Train Recall: 0.9959034642443673
Train F1: 0.9545473944774018
Test AUC: 0.8715954398642617
Test Accuracy: 0.8576829916701129
Test Precision: 0.5679419525065963
Test Recall: 0.6104218362282878
Test F1: 0.5884161968221425
one epoch time: 48.64989876747131
epoch: 63
Train AUC: 0.9996064340832944
Train Accuracy: 0.9908866921958025
Train Precision: 0.9512796530907236
Train Recall: 0.9963487398699795
Train F1: 0.9732927359721618
Test AUC: 0.871510801917904
Test Accuracy: 0.859100844804159
Test Precision: 0.576814658210007
Test Recall: 0.5802906770648706
Test F1: 0.5785474465453261
one epoch time: 49.36198663711548
epoch: 64
Train AUC: 0.9997033605426126
Train Accuracy: 0.9904117315284828
Train Precision: 0.9471060414026193
Train Recall: 0.998218897497551
Train F1: 0.9719909816163719
Test AUC: 0.8740884018219673
Test Accuracy: 0.8628817864949488
Test Precision: 0.588339222614841
Test Recall: 0.5902162353775257
Test F1: 0.5892762342948151
one epoch time: 47.38076210021973
epoch: 65
Train AUC: 0.99972857022524
Train Accuracy: 0.9910202748834862
Train Precision: 0.9501694915254237
Train Recall: 0.9984860628729183
Train F1: 0.9737287767597377
Test AUC: 0.8714879461541828
Test Accuracy: 0.8586282270928103
Test Precision: 0.573037542662116
Test Recall: 0.5951790145338532
Test F1: 0.5838984524430534
one epoch time: 49.39414834976196
epoch: 66
Train AUC: 0.9997811935640705
Train Accuracy: 0.9912874402588535
Train Precision: 0.951314673452078
Train Recall: 0.9988422833734082
Train F1: 0.9744993266432078
Test AUC: 0.8702669533098589
Test Accuracy: 0.8573285283866013
Test Precision: 0.569377990430622
Test Recall: 0.5905707196029777
Test F1: 0.5797807551766139
one epoch time: 48.95730209350586
epoch: 67
Train AUC: 0.9997688444915502
Train Accuracy: 0.9895657078398196
Train Precision: 0.9421945891446816
Train Recall: 0.9986641731231632
Train F1: 0.9696078855215944
Test AUC: 0.8715521408198512
Test Accuracy: 0.8573876056005199
Test Precision: 0.5673172345352299
Test Recall: 0.607940446650124
Test F1: 0.5869267624914443
one epoch time: 48.38563394546509
epoch: 68
Train AUC: 0.9997735680851492
Train Accuracy: 0.9918366135304421
Train Precision: 0.9543095379903004
Train Recall: 0.9988422833734082
Train F1: 0.9760682273083282
Test AUC: 0.871644946026472
Test Accuracy: 0.8580374549536244
Test Precision: 0.5700402144772118
Test Recall: 0.6029776674937966
Test F1: 0.586046511627907
one epoch time: 48.997769594192505
epoch: 69
Train AUC: 0.9995686064735074
Train Accuracy: 0.9869237391278535
Train Precision: 0.9290215588723051
Train Recall: 0.9977736218719387
Train F1: 0.9621709820086736
Test AUC: 0.8683083437786309
Test Accuracy: 0.8511254209251492
Test Precision: 0.5480984340044742
Test Recall: 0.607940446650124
Test F1: 0.5764705882352941
one epoch time: 49.812851667404175
epoch: 70
Train AUC: 0.9997844539222446
Train Accuracy: 0.9929201175527652
Train Precision: 0.9605894448252228
Train Recall: 0.9984860628729183
Train F1: 0.979171215230776
Test AUC: 0.8702660737587536
Test Accuracy: 0.8590417675902404
Test Precision: 0.5756521739130435
Test Recall: 0.586671393123006
Test F1: 0.5811095505617978
one epoch time: 48.517749309539795
epoch: 71
Train AUC: 0.9998066268956899
Train Accuracy: 0.9937809837622822
Train Precision: 0.9657876594277836
Train Recall: 0.998040787247306
Train F1: 0.9816493671440459
Test AUC: 0.8710982547544889
Test Accuracy: 0.8629408637088675
Test Precision: 0.5900107797340999
Test Recall: 0.5820630981921304
Test F1: 0.5860099928622412
one epoch time: 49.06019401550293
epoch: 72
Train AUC: 0.9998780319913387
Train Accuracy: 0.9941817318253332
Train Precision: 0.9670718041548142
Train Recall: 0.9991094487487755
Train F1: 0.9828296101620675
Test AUC: 0.872590777590023
Test Accuracy: 0.8620547055000887
Test Precision: 0.5846100278551533
Test Recall: 0.5951790145338532
Test F1: 0.5898471807482873
one epoch time: 49.45393109321594
epoch: 73
Train AUC: 0.999610263080926
Train Accuracy: 0.9869385816487072
Train Precision: 0.9298828611780344
Train Recall: 0.9967940154955918
Train F1: 0.9621765666638012
Test AUC: 0.8684770668106518
Test Accuracy: 0.8529568145566255
Test Precision: 0.5535138620245004
Test Recall: 0.608649415101028
Test F1: 0.5797737632956272
one epoch time: 49.75748014450073
epoch: 74
Train AUC: 0.9994810930988813
Train Accuracy: 0.9869088966069998
Train Precision: 0.929443014858471
Train Recall: 0.9971502359960815
Train F1: 0.9621068912184224
Test AUC: 0.870151706985038
Test Accuracy: 0.8521888107756839
Test Precision: 0.5508447561364361
Test Recall: 0.6125487415809997
Test F1: 0.5800604229607251
one epoch time: 51.123783349990845
epoch: 75
Train AUC: 0.9998560771153144
Train Accuracy: 0.9943004719921632
Train Precision: 0.9683046895241385
Train Recall: 0.9984860628729183
Train F1: 0.9831638021746756
Test AUC: 0.873193458572364
Test Accuracy: 0.8611685472913098
Test Precision: 0.5823714585519413
Test Recall: 0.5902162353775257
Test F1: 0.5862676056338029
one epoch time: 49.5526978969574
epoch: 76
Train AUC: 0.9998458281226886
Train Accuracy: 0.9942856294713094
Train Precision: 0.9687067773167358
Train Recall: 0.9979517321221836
Train F1: 0.9831118129578453
Test AUC: 0.8694067271988816
Test Accuracy: 0.8629999409227861
Test Precision: 0.5880701754385965
Test Recall: 0.5941155618574974
Test F1: 0.591077411391289
one epoch time: 49.34525799751282
epoch: 77
Train AUC: 0.9999003960974329
Train Accuracy: 0.9943301570338706
Train Precision: 0.9675834123631347
Train Recall: 0.9994656692492653
Train F1: 0.9832661643595585
Test AUC: 0.8715746950231933
Test Accuracy: 0.8599279257990193
Test Precision: 0.5776933701657458
Test Recall: 0.5930521091811415
Test F1: 0.5852719958019941
one epoch time: 47.13761830329895
epoch: 78
Train AUC: 0.9999310193545916
Train Accuracy: 0.9957253539941223
Train Precision: 0.9759025663331884
Train Recall: 0.999020393623653
Train F1: 0.9873261749691956
Test AUC: 0.8694470357695341
Test Accuracy: 0.8644177940568323
Test Precision: 0.5964076246334311
Test Recall: 0.5767458348103509
Test F1: 0.5864119661200217
one epoch time: 50.237053632736206
epoch: 79
Train AUC: 0.9999338871374079
Train Accuracy: 0.9959479918069285
Train Precision: 0.9778436845778088
Train Recall: 0.9983079526226735
Train F1: 0.9879698585466884
Test AUC: 0.8708125765554999
Test Accuracy: 0.8647131801264253
Test Precision: 0.5982241953385128
Test Recall: 0.5732009925558312
Test F1: 0.5854453294713975
one epoch time: 47.90348172187805
epoch: 80
Train AUC: 0.9998455148554839
Train Accuracy: 0.9934247632617924
Train Precision: 0.9625214408233276
Train Recall: 0.9994656692492653
Train F1: 0.9806457250207523
Test AUC: 0.8705751857121897
Test Accuracy: 0.8581556093814615
Test Precision: 0.5697211155378487
Test Recall: 0.6082949308755761
Test F1: 0.5883764786559232
one epoch time: 49.375460147857666
epoch: 81
Train AUC: 0.9998689956203738
Train Accuracy: 0.9914507079882448
Train Precision: 0.9522030732659819
Train Recall: 0.9988422833734082
Train F1: 0.9749652294853964
Test AUC: 0.8721311116173975
Test Accuracy: 0.8557334436107993
Test Precision: 0.5612277867528271
Test Recall: 0.6157390996100673
Test F1: 0.5872210953346856
one epoch time: 49.1755256652832
epoch: 82
Train AUC: 0.9999214777906915
Train Accuracy: 0.9964081099533945
Train Precision: 0.9799912625600699
Train Recall: 0.9988422833734082
Train F1: 0.9893269824468555
Test AUC: 0.8719351225011137
Test Accuracy: 0.8655993383352041
Test Precision: 0.5979899497487438
Test Recall: 0.5905707196029777
Test F1: 0.5942571785268415
one epoch time: 47.311625719070435
epoch: 83
Train AUC: 0.9999771925613299
Train Accuracy: 0.9971353934752278
Train Precision: 0.9836956521739131
Train Recall: 0.9993766141241428
Train F1: 0.9914741352652736
Test AUC: 0.8717977114884402
Test Accuracy: 0.862586400425356
Test Precision: 0.5882352941176471
Test Recall: 0.5848989719957461
Test F1: 0.5865623889086384
one epoch time: 43.403010845184326
epoch: 84
Train AUC: 0.9998418135439784
Train Accuracy: 0.996259684744857
Train Precision: 0.9796382067639605
Train Recall: 0.9983079526226735
Train F1: 0.9888849682427664
Test AUC: 0.8699111120627017
Test Accuracy: 0.8641814852011579
Test Precision: 0.5936826992103375
Test Recall: 0.5863169088975541
Test F1: 0.5899768146959158
one epoch time: 44.76107716560364
epoch: 85
Train AUC: 0.9999388312076727
Train Accuracy: 0.9979814171638911
Train Precision: 0.9885492821280719
Train Recall: 0.9994656692492653
Train F1: 0.9939775042068905
Test AUC: 0.8733310580602742
Test Accuracy: 0.869084893956401
Test Precision: 0.6134233220847394
Test Recall: 0.5799361928394187
Test F1: 0.5962099125364432
one epoch time: 45.2959930896759
epoch: 86
Train AUC: 0.9997956704743384
Train Accuracy: 0.9945082672841156
Train Precision: 0.9705347083802756
Train Recall: 0.9973283462463265
Train F1: 0.9837491215741392
Test AUC: 0.8700248380206119
Test Accuracy: 0.8628227092810303
Test Precision: 0.5886953430501244
Test Recall: 0.587025877348458
Test F1: 0.5878594249201278
one epoch time: 44.42542052268982
epoch: 87
Train AUC: 0.9999120678783256
Train Accuracy: 0.9962003146614421
Train Precision: 0.9780430426069531
Train Recall: 0.9996437794995102
Train F1: 0.9887254470184093
Test AUC: 0.874246695890883
Test Accuracy: 0.8616411650026585
Test Precision: 0.5831886071552622
Test Recall: 0.5951790145338532
Test F1: 0.5891228070175438
one epoch time: 43.79908537864685
epoch: 88
Train AUC: 0.9999505981583489
Train Accuracy: 0.9965120075993706
Train Precision: 0.9807591394087808
Train Recall: 0.9986641731231632
Train F1: 0.9896306755504567
Test AUC: 0.8714587073624408
Test Accuracy: 0.8638270219176464
Test Precision: 0.5926058865757359
Test Recall: 0.5852534562211982
Test F1: 0.5889067237381844
one epoch time: 43.359317779541016
epoch: 89
Train AUC: 0.9998688203493554
Train Accuracy: 0.994656692492653
Train Precision: 0.9695032397408208
Train Recall: 0.9993766141241428
Train F1: 0.9842132959129977
Test AUC: 0.8729798281739116
Test Accuracy: 0.8632362497784605
Test Precision: 0.5868818681318682
Test Recall: 0.6058135412974123
Test F1: 0.5961974533403105
one epoch time: 43.81731343269348
epoch: 90
Train AUC: 0.9999741106465001
Train Accuracy: 0.9979814171638911
Train Precision: 0.9888937858087263
Train Recall: 0.9991094487487755
Train F1: 0.993975369894569
Test AUC: 0.8707859261570104
Test Accuracy: 0.8649494889820996
Test Precision: 0.5985993365278289
Test Recall: 0.575682382133995
Test F1: 0.5869172388868811
one epoch time: 44.182537317276
epoch: 91
Train AUC: 0.9999521771836772
Train Accuracy: 0.996037046932051
Train Precision: 0.9774390243902439
Train Recall: 0.9992875589990204
Train F1: 0.9882425470077942
Test AUC: 0.8712150591412676
Test Accuracy: 0.8625273232114373
Test Precision: 0.5859429366736256
Test Recall: 0.5969514356611131
Test F1: 0.5913959613696225
one epoch time: 49.68652844429016
epoch: 92
Train AUC: 0.9999524833131482
Train Accuracy: 0.997758779351085
Train Precision: 0.9872448979591837
Train Recall: 0.9994656692492653
Train F1: 0.99331769703943
Test AUC: 0.871873516228698
Test Accuracy: 0.8659538016187157
Test Precision: 0.6011730205278593
Test Recall: 0.5813541297412265
Test F1: 0.5910974950441521
one epoch time: 50.144076108932495
epoch: 93
Train AUC: 0.9998026646603607
Train Accuracy: 0.9910054323626325
Train Precision: 0.9501652682430715
Train Recall: 0.9983970077477959
Train F1: 0.9736842105263158
Test AUC: 0.8676072787226585
Test Accuracy: 0.8551426714716134
Test Precision: 0.5603138280483818
Test Recall: 0.6075859624246721
Test F1: 0.5829931972789115
one epoch time: 46.16709589958191
epoch: 94
Train AUC: 0.9999339870656808
Train Accuracy: 0.9978181494345
Train Precision: 0.9881078224101479
Train Recall: 0.9989313384985306
Train F1: 0.9934901022983924
Test AUC: 0.8700549563634592
Test Accuracy: 0.8653630294795297
Test Precision: 0.6007434944237918
Test Recall: 0.5728465083303793
Test F1: 0.586463436762838
one epoch time: 44.11494159698486
epoch: 95
Train AUC: 0.9999767690557922
Train Accuracy: 0.997239291121204
Train Precision: 0.9840448847199088
Train Recall: 0.9996437794995102
Train F1: 0.991783000530129
Test AUC: 0.869789532969923
Test Accuracy: 0.8614048561469841
Test Precision: 0.5841303577754162
Test Recall: 0.5845444877702942
Test F1: 0.5843373493975904
one epoch time: 44.536362648010254
epoch: 96
Train AUC: 0.9999185862154293
Train Accuracy: 0.997298661204619
Train Precision: 0.9849003599332806
Train Recall: 0.9991094487487755
Train F1: 0.9919540229885058
Test AUC: 0.871848097201756
Test Accuracy: 0.8657765699769598
Test Precision: 0.6022346368715084
Test Recall: 0.5732009925558312
Test F1: 0.5873592444605884
one epoch time: 47.94592261314392
epoch: 97
Train AUC: 0.9999666112675425
Train Accuracy: 0.9967494879330305
Train Precision: 0.9813746065057712
Train Recall: 0.9994656692492653
Train F1: 0.9903375248180013
Test AUC: 0.8727352627065857
Test Accuracy: 0.8606368523660424
Test Precision: 0.5802083333333333
Test Recall: 0.5923431407302375
Test F1: 0.5862129450973513
one epoch time: 47.90514278411865
epoch: 98
Train AUC: 0.9999418401590014
Train Accuracy: 0.9983524801852347
Train Precision: 0.9906443071491615
Train Recall: 0.9995547243743877
Train F1: 0.9950795691298373
Test AUC: 0.8708672595042155
Test Accuracy: 0.8645359484846694
Test Precision: 0.5963503649635037
Test Recall: 0.5792272243885147
Test F1: 0.5876640891925913
one epoch time: 48.550790786743164
epoch: 99
Train AUC: 0.9999320844630878
Train Accuracy: 0.9980259447264523
Train Precision: 0.9895870102364984
Train Recall: 0.9986641731231632
Train F1: 0.9941048712379771
Test AUC: 0.8707783494524894
Test Accuracy: 0.8664264193300644
Test Precision: 0.6059803179409539
Test Recall: 0.5675292449485998
Test F1: 0.5861248398315944
one epoch time: 48.82455515861511
epoch: 100
Train AUC: 0.9998090085195277
Train Accuracy: 0.9954285035770475
Train Precision: 0.9755290429330314
Train Recall: 0.9975955116216938
Train F1: 0.9864388869320183
Test AUC: 0.8684228738975518
Test Accuracy: 0.8579193005257872
Test Precision: 0.5716747070985527
Test Recall: 0.5880893300248139
Test F1: 0.5797658570679713
one epoch time: 49.78112030029297
