epoch: 1
Train AUC: 0.64602745406491
Train Accuracy: 0.4709825077652444
Train Precision: 0.20698937653223093
Train Recall: 0.7679686106652399
Train F1: 0.32608860280196894
Test AUC: 0.6370244250329733
Test Accuracy: 0.4749647390691114
Test Precision: 0.20710854947166185
Test Recall: 0.7602256699576869
Test F1: 0.3255322361467613
one epoch time: 45.63494634628296
epoch: 2
Train AUC: 0.7001055579249794
Train Accuracy: 0.4904067650511986
Train Precision: 0.22240935447393115
Train Recall: 0.824326734439094
Train F1: 0.35030410974477516
Test AUC: 0.6986785729916188
Test Accuracy: 0.49717912552891397
Test Precision: 0.22489419007310504
Test Recall: 0.8244005641748943
Test F1: 0.3533857315598549
one epoch time: 44.693631172180176
epoch: 3
Train AUC: 0.760560644576956
Train Accuracy: 0.5431361184181194
Train Precision: 0.2489134627748489
Train Recall: 0.8631175316568575
Train F1: 0.386394938022715
Test AUC: 0.7534069817637825
Test Accuracy: 0.5505994358251057
Test Precision: 0.25064786980408416
Test Recall: 0.8526093088857546
Test F1: 0.3874068733477529
one epoch time: 44.40872836112976
epoch: 4
Train AUC: 0.7828817871882221
Train Accuracy: 0.5762034271107346
Train Precision: 0.2641622594187885
Train Recall: 0.8640984483681113
Train F1: 0.4046266911641891
Test AUC: 0.7755032018317779
Test Accuracy: 0.5786318758815233
Test Precision: 0.26139616824488
Test Recall: 0.8370944992947814
Test F1: 0.398388991441517
one epoch time: 43.49605703353882
epoch: 5
Train AUC: 0.7968037758913799
Train Accuracy: 0.5873942960750219
Train Precision: 0.26974983999777385
Train Recall: 0.8644551453540218
Train F1: 0.41118958240546327
Test AUC: 0.7867842379162928
Test Accuracy: 0.5925599435825106
Test Precision: 0.2696502867423817
Test Recall: 0.8455571227080395
Test F1: 0.408901014579248
one epoch time: 46.90863370895386
epoch: 6
Train AUC: 0.8063816740891389
Train Accuracy: 0.6182026245782989
Train Precision: 0.28423657067906755
Train Recall: 0.8502764401640807
Train F1: 0.4260500446827525
Test AUC: 0.7952258241310096
Test Accuracy: 0.6219440526563235
Test Precision: 0.28286852589641437
Test Recall: 0.826163610719323
Test F1: 0.4214407770482957
one epoch time: 47.41496920585632
epoch: 7
Train AUC: 0.8238248003043473
Train Accuracy: 0.6076062240848901
Train Precision: 0.28463261775799
Train Recall: 0.8950419118958445
Train F1: 0.4319125589001011
Test AUC: 0.8088956639499005
Test Accuracy: 0.6083098260460743
Test Precision: 0.2823194997157476
Test Recall: 0.8755289139633287
Test F1: 0.42696242799415357
one epoch time: 48.15279531478882
epoch: 8
Train AUC: 0.8336669427882888
Train Accuracy: 0.6728640004755748
Train Precision: 0.3175520410921871
Train Recall: 0.8379703941501694
Train F1: 0.4605695240895947
Test AUC: 0.8174686953555037
Test Accuracy: 0.6692524682651622
Test Precision: 0.30970556161395857
Test Recall: 0.8011283497884344
Test F1: 0.4467164766024381
one epoch time: 48.813069581985474
epoch: 9
Train AUC: 0.8411386856462566
Train Accuracy: 0.6444929927028995
Train Precision: 0.30465795541890855
Train Recall: 0.8836276083467095
Train F1: 0.45309677861862413
Test AUC: 0.8221503174975779
Test Accuracy: 0.6450399623883404
Test Precision: 0.30089485458612975
Test Recall: 0.8536671368124118
Test F1: 0.4449549715125896
one epoch time: 48.40900659561157
epoch: 10
Train AUC: 0.8525503921960427
Train Accuracy: 0.6546435418431495
Train Precision: 0.3128152437885298
Train Recall: 0.8959336543606207
Train F1: 0.4637219606757131
Test AUC: 0.829148232179056
Test Accuracy: 0.6532087447108603
Test Precision: 0.30569291238747304
Test Recall: 0.8501410437235543
Test F1: 0.44968758742889114
one epoch time: 48.0252640247345
epoch: 11
Train AUC: 0.856743068733578
Train Accuracy: 0.6628769301648164
Train Precision: 0.3181328090315215
Train Recall: 0.8945960406634564
Train F1: 0.4693552914756246
Test AUC: 0.8329418657160308
Test Accuracy: 0.6608486130700517
Test Precision: 0.3106207252548716
Test Recall: 0.8487306064880112
Test F1: 0.4547945205479452
one epoch time: 48.23210906982422
epoch: 12
Train AUC: 0.8634634724853294
Train Accuracy: 0.6860760622408489
Train Precision: 0.33365788148396847
Train Recall: 0.8862136614945604
Train F1: 0.4847923120076099
Test AUC: 0.8382925752117149
Test Accuracy: 0.6821227080394923
Test Precision: 0.3230642277540916
Test Recall: 0.8282792665726375
Test F1: 0.46482635796972394
one epoch time: 48.3407027721405
epoch: 13
Train AUC: 0.8663320125277721
Train Accuracy: 0.6646900590009958
Train Precision: 0.32174049638705626
Train Recall: 0.9132334581772784
Train F1: 0.47583867670290864
Test AUC: 0.8394414026987294
Test Accuracy: 0.6591443347437705
Test Precision: 0.3114023924662764
Test Recall: 0.8628349788434415
Test F1: 0.4576397980175799
one epoch time: 48.35140609741211
epoch: 14
Train AUC: 0.876735265903519
Train Accuracy: 0.6897766284720674
Train Precision: 0.33880656788145774
Train Recall: 0.9052969502407705
Train F1: 0.4930788285006557
Test AUC: 0.8426329769774468
Test Accuracy: 0.6835331452750353
Test Precision: 0.32553045859000684
Test Recall: 0.8385049365303244
Test F1: 0.46898727936100976
one epoch time: 48.4638352394104
epoch: 15
Train AUC: 0.878774932175776
Train Accuracy: 0.7075958208866497
Train Precision: 0.35072862637168767
Train Recall: 0.8863920099875156
Train F1: 0.5025913285298951
Test AUC: 0.8431856510391281
Test Accuracy: 0.6965796897038082
Test Precision: 0.332517633510868
Test Recall: 0.814527503526093
Test F1: 0.4722477767555964
one epoch time: 48.76674818992615
epoch: 16
Train AUC: 0.8832462859863838
Train Accuracy: 0.719173094357008
Train Precision: 0.3602662980209546
Train Recall: 0.8830925628678438
Train F1: 0.5117564983721772
Test AUC: 0.8455102863446201
Test Accuracy: 0.706805359661495
Test Precision: 0.3410131442918328
Test Recall: 0.8141748942172073
Test F1: 0.4806911626938691
one epoch time: 49.30181527137756
epoch: 17
Train AUC: 0.8945454031519608
Train Accuracy: 0.7187421047156212
Train Precision: 0.3628765515524416
Train Recall: 0.9098448368111289
Train F1: 0.5188273880653937
Test AUC: 0.8534538678605319
Test Accuracy: 0.7050423131170663
Test Precision: 0.3414208920528839
Test Recall: 0.8286318758815233
Test F1: 0.48358884658915524
one epoch time: 49.96925115585327
epoch: 18
Train AUC: 0.8960030529262011
Train Accuracy: 0.7176869231798119
Train Precision: 0.3624505090497738
Train Recall: 0.9143035491350098
Train F1: 0.5191129563060098
Test AUC: 0.850641945388825
Test Accuracy: 0.6992242595204513
Test Precision: 0.3370930896630497
Test Recall: 0.8325105782792666
Test F1: 0.4798780487804878
one epoch time: 49.32708501815796
epoch: 19
Train AUC: 0.9032117967218019
Train Accuracy: 0.7304085484566112
Train Precision: 0.3739260230085918
Train Recall: 0.9159086855716069
Train F1: 0.5310480326766972
Test AUC: 0.8540734208175761
Test Accuracy: 0.7092736248236954
Test Precision: 0.3445737004859373
Test Recall: 0.8251057827926658
Test F1: 0.4861327516360237
one epoch time: 48.913349628448486
epoch: 20
Train AUC: 0.9084836576906004
Train Accuracy: 0.7649471666146507
Train Precision: 0.40675905664964745
Train Recall: 0.8951310861423221
Train F1: 0.5593447007689736
Test AUC: 0.8563890419570264
Test Accuracy: 0.7392454160789845
Test Precision: 0.36753268244249543
Test Recall: 0.7831452750352609
Test F1: 0.5002815632391036
one epoch time: 48.15980625152588
epoch: 21
Train AUC: 0.9148532057170715
Train Accuracy: 0.7501597634015486
Train Precision: 0.3936618915529886
Train Recall: 0.9238451935081149
Train F1: 0.5520769497215635
Test AUC: 0.8569932521818011
Test Accuracy: 0.72896097790315
Test Precision: 0.36081504702194356
Test Recall: 0.811706629055007
Test F1: 0.4995659722222222
one epoch time: 48.31593465805054
epoch: 22
Train AUC: 0.9196271163131379
Train Accuracy: 0.7520323390848158
Train Precision: 0.3963943491269931
Train Recall: 0.9332976636347423
Train F1: 0.5564505409788127
Test AUC: 0.8566604616048747
Test Accuracy: 0.7254936530324401
Test Precision: 0.35746465744912226
Test Recall: 0.8113540197461213
Test F1: 0.49627952119055324
one epoch time: 46.587724685668945
epoch: 23
Train AUC: 0.9253061813727613
Train Accuracy: 0.7627476332724004
Train Precision: 0.4075947397089721
Train Recall: 0.9341894060995185
Train F1: 0.5675587820999025
Test AUC: 0.8587041035965155
Test Accuracy: 0.733368594264222
Test Precision: 0.3651925820256776
Test Recall: 0.8124118476727785
Test F1: 0.5038819026790596
one epoch time: 49.48136568069458
epoch: 24
Train AUC: 0.929682078361308
Train Accuracy: 0.7824096779467059
Train Precision: 0.4290211673087279
Train Recall: 0.923577670768682
Train F1: 0.585886013293735
Test AUC: 0.8568481303251962
Test Accuracy: 0.7470028208744711
Test Precision: 0.3752335654832682
Test Recall: 0.7789139633286318
Test F1: 0.5064771294279491
one epoch time: 49.17879295349121
epoch: 25
Train AUC: 0.9362966834130025
Train Accuracy: 0.7902566617623018
Train Precision: 0.4392319624365908
Train Recall: 0.9342785803459961
Train F1: 0.5975418484615165
Test AUC: 0.8595659697700928
Test Accuracy: 0.7505289139633287
Test Precision: 0.3794283758343317
Test Recall: 0.7817348377997179
Test F1: 0.5108883511925337
one epoch time: 44.82247614860535
epoch: 26
Train AUC: 0.9406968749885398
Train Accuracy: 0.8075111091295495
Train Precision: 0.4616640197635433
Train Recall: 0.9332084893882646
Train F1: 0.6177321291541231
Test AUC: 0.8601790449609197
Test Accuracy: 0.7625176304654443
Test Precision: 0.3909107369183415
Test Recall: 0.7612834978843441
Test F1: 0.516568967579854
one epoch time: 45.454838514328
epoch: 27
Train AUC: 0.9468085917109932
Train Accuracy: 0.8216594587364573
Train Precision: 0.4819243859810505
Train Recall: 0.9343677545924737
Train F1: 0.6358781405510378
Test AUC: 0.8600722675016561
Test Accuracy: 0.7680418429713212
Test Precision: 0.3966896038683281
Test Recall: 0.7521156558533145
Test F1: 0.5194204310239864
one epoch time: 44.923052072525024
epoch: 28
Train AUC: 0.9505586699032562
Train Accuracy: 0.8239184389257955
Train Precision: 0.4854360011026371
Train Recall: 0.942215088282504
Train F1: 0.6407519708914494
Test AUC: 0.8579443275158598
Test Accuracy: 0.7652797367183827
Test Precision: 0.3919372900335946
Test Recall: 0.7404795486600846
Test F1: 0.5125701732975347
one epoch time: 44.502352714538574
epoch: 29
Train AUC: 0.9564708128713879
Train Accuracy: 0.8384086079034583
Train Precision: 0.5081528236025439
Train Recall: 0.9476547173176386
Train F1: 0.6615619261057677
Test AUC: 0.8605078941714528
Test Accuracy: 0.7808533145275035
Test Precision: 0.4118460019743337
Test Recall: 0.735543018335684
Test F1: 0.5280344260220226
one epoch time: 44.62415266036987
epoch: 30
Train AUC: 0.9593531378436267
Train Accuracy: 0.8526015426456819
Train Precision: 0.5325693606755126
Train Recall: 0.9448903156768326
Train F1: 0.6811957569913211
Test AUC: 0.8623665406092533
Test Accuracy: 0.788316878232252
Test Precision: 0.4212905877517468
Test Recall: 0.7228490832157969
Test F1: 0.5323292651259414
one epoch time: 44.5956768989563
epoch: 31
Train AUC: 0.962967894558175
Train Accuracy: 0.8456611232481758
Train Precision: 0.5199980701500458
Train Recall: 0.9611200285357588
Train F1: 0.6748692902539056
Test AUC: 0.8593633188841433
Test Accuracy: 0.7776798307475318
Test Precision: 0.40721144424848127
Test Recall: 0.732722143864598
Test F1: 0.5234916236301801
one epoch time: 44.453861713409424
epoch: 32
Train AUC: 0.9685030432331753
Train Accuracy: 0.8647435611633748
Train Precision: 0.554115658454131
Train Recall: 0.9646869983948636
Train F1: 0.7039073429417315
Test AUC: 0.8587158530957009
Test Accuracy: 0.7918429713211096
Test Precision: 0.4251801610852056
Test Recall: 0.7073342736248237
Test F1: 0.5311093460418321
one epoch time: 44.525322675704956
epoch: 33
Train AUC: 0.9704107452020135
Train Accuracy: 0.8540431286875623
Train Precision: 0.5340071285581759
Train Recall: 0.9752987337257
Train F1: 0.6901404006941158
Test AUC: 0.8626186637251059
Test Accuracy: 0.7811471556182417
Test Precision: 0.4119746233148295
Test Recall: 0.732722143864598
Test F1: 0.5274111675126903
one epoch time: 44.0729296207428
epoch: 34
Train AUC: 0.9729952541451076
Train Accuracy: 0.8737200350736398
Train Precision: 0.5713760311038723
Train Recall: 0.9697699304440878
Train F1: 0.7190795781399808
Test AUC: 0.8625469979967415
Test Accuracy: 0.7944287729196051
Test Precision: 0.42866379310344827
Test Recall: 0.7013399153737658
Test F1: 0.5321027287319422
one epoch time: 44.263450145721436
epoch: 35
Train AUC: 0.979699157488564
Train Accuracy: 0.8825776152897291
Train Precision: 0.5885971011392201
Train Recall: 0.981362582486178
Train F1: 0.735849687405971
Test AUC: 0.8585920419709517
Test Accuracy: 0.7943700047014575
Test Precision: 0.42747757602275216
Test Recall: 0.6889985895627645
Test F1: 0.5276090184960173
one epoch time: 44.32297444343567
epoch: 36
Train AUC: 0.9805674267687772
Train Accuracy: 0.8858026067442448
Train Precision: 0.5953229639230936
Train Recall: 0.9829677189227751
Train F1: 0.7415405314497141
Test AUC: 0.8613682186118037
Test Accuracy: 0.7981899388810532
Test Precision: 0.4344298245614035
Test Recall: 0.6985190409026798
Test F1: 0.5356949702541914
one epoch time: 44.31702256202698
epoch: 37
Train AUC: 0.9818968137190751
Train Accuracy: 0.9003968077043114
Train Precision: 0.6294023173110015
Train Recall: 0.9785090065988943
Train F1: 0.7660569673275621
Test AUC: 0.8591337747000583
Test Accuracy: 0.8050658204043254
Test Precision: 0.444238349176907
Test Recall: 0.6755994358251057
Test F1: 0.5360190236396699
one epoch time: 43.99479579925537
epoch: 38
Train AUC: 0.9869842813727961
Train Accuracy: 0.8999360946393805
Train Precision: 0.6261613829607523
Train Recall: 0.9916176208311039
Train F1: 0.767611224243261
Test AUC: 0.8606300019296533
Test Accuracy: 0.8031264692054537
Test Precision: 0.44145785876993165
Test Recall: 0.6833568406205924
Test F1: 0.5363963465264323
one epoch time: 44.26244115829468
epoch: 39
Train AUC: 0.9877583963064328
Train Accuracy: 0.9156003388470284
Train Precision: 0.6664861938278289
Train Recall: 0.9879614767255217
Train F1: 0.7959909473003557
Test AUC: 0.8610280053353916
Test Accuracy: 0.8147625763986835
Test Precision: 0.4611793611793612
Test Recall: 0.6618476727785614
Test F1: 0.5435852881552273
one epoch time: 44.36948037147522
epoch: 40
Train AUC: 0.9901213579863223
Train Accuracy: 0.9265385587111924
Train Precision: 0.6968669554843976
Train Recall: 0.989744961655074
Train F1: 0.8178770126377067
Test AUC: 0.8623452174440649
Test Accuracy: 0.8226962858486131
Test Precision: 0.4767770079548371
Test Recall: 0.655148095909732
Test F1: 0.5519085103222932
one epoch time: 44.49385857582092
epoch: 41
Train AUC: 0.9911383702849763
Train Accuracy: 0.9317252961196071
Train Precision: 0.7123973305954825
Train Recall: 0.9900124843945068
Train F1: 0.8285692962161355
Test AUC: 0.8566970280356727
Test Accuracy: 0.8237541137752703
Test Precision: 0.47845625165212796
Test Recall: 0.6382228490832158
Test F1: 0.546910409427406
one epoch time: 44.09103727340698
epoch: 42
Train AUC: 0.9930589570601378
Train Accuracy: 0.9408503871475916
Train Precision: 0.7407801890560511
Train Recall: 0.992331014802925
Train F1: 0.8483000457386797
Test AUC: 0.8607888750519713
Test Accuracy: 0.8296897038081805
Test Precision: 0.4915161466885605
Test Recall: 0.6332863187588152
Test F1: 0.5534668721109399
one epoch time: 44.713857650756836
epoch: 43
Train AUC: 0.9933890447422467
Train Accuracy: 0.9312199979193604
Train Precision: 0.7093452002542912
Train Recall: 0.9950062421972534
Train F1: 0.8282363420427553
Test AUC: 0.8602371707902228
Test Accuracy: 0.8206393982134461
Test Precision: 0.4720930232558139
Test Recall: 0.6442172073342737
Test F1: 0.5448851774530271
one epoch time: 45.44702172279358
epoch: 44
Train AUC: 0.9951845962563431
Train Accuracy: 0.9505550849346828
Train Precision: 0.7735312478324201
Train Recall: 0.9944711967183877
Train F1: 0.8701962467324724
Test AUC: 0.8586025108368925
Test Accuracy: 0.8306887635166902
Test Precision: 0.49365661122074994
Test Recall: 0.6174188998589563
Test F1: 0.5486448378505405
one epoch time: 47.2303352355957
epoch: 45
Train AUC: 0.9957723021390326
Train Accuracy: 0.9570645146908021
Train Precision: 0.7983657085513584
Train Recall: 0.993222757267701
Train F1: 0.8851976952116034
Test AUC: 0.859555737137469
Test Accuracy: 0.8394452280206864
Test Precision: 0.5153573538098051
Test Recall: 0.6153032440056417
Test F1: 0.5609128897460623
one epoch time: 53.19482350349426
epoch: 46
Train AUC: 0.9945404760096561
Train Accuracy: 0.951654851605808
Train Precision: 0.779509865880205
Train Recall: 0.9899233101480293
Train F1: 0.8722058534669024
Test AUC: 0.8573023448270374
Test Accuracy: 0.8323930418429714
Test Precision: 0.49772856331629756
Test Recall: 0.6181241184767278
Test F1: 0.5514312676942434
one epoch time: 47.84254813194275
epoch: 47
Train AUC: 0.9966731531854205
Train Accuracy: 0.9600219953334225
Train Precision: 0.8094235516189923
Train Recall: 0.9942036739789549
Train F1: 0.8923483271970546
Test AUC: 0.8558925292581181
Test Accuracy: 0.8323342736248237
Test Precision: 0.49749779216956136
Test Recall: 0.5959097320169252
Test F1: 0.542274987967271
one epoch time: 48.127007484436035
epoch: 48
Train AUC: 0.9969918477852657
Train Accuracy: 0.9619986029990935
Train Precision: 0.8169901135115343
Train Recall: 0.9948278937042982
Train F1: 0.897181229643331
Test AUC: 0.8584781277788498
Test Accuracy: 0.8375058768218148
Test Precision: 0.5106895513399579
Test Recall: 0.5980253878702397
Test F1: 0.5509176547019653
one epoch time: 47.85667395591736
epoch: 49
Train AUC: 0.9979085289183162
Train Accuracy: 0.9674825746429474
Train Precision: 0.8382044364508393
Train Recall: 0.9974139468521491
Train F1: 0.9109047968075576
Test AUC: 0.8588834917174112
Test Accuracy: 0.8397978373295721
Test Precision: 0.5169334975369458
Test Recall: 0.592031029619182
Test F1: 0.551939513477975
one epoch time: 49.73552203178406
epoch: 50
Train AUC: 0.9984814734121766
Train Accuracy: 0.9705589489797435
Train Precision: 0.8505581289391754
Train Recall: 0.9988407347957909
Train F1: 0.9187548701964483
Test AUC: 0.8586520949667881
Test Accuracy: 0.8387987776210625
Test Precision: 0.5142594296228151
Test Recall: 0.5913258110014105
Test F1: 0.5501066098081023
one epoch time: 50.43480896949768
epoch: 51
Train AUC: 0.9976796168639386
Train Accuracy: 0.9695186291557062
Train Precision: 0.8489071662478105
Train Recall: 0.9940253254859996
Train F1: 0.9157527212980078
Test AUC: 0.858621645735566
Test Accuracy: 0.843441466854725
Test Precision: 0.5267080745341615
Test Recall: 0.5980253878702397
Test F1: 0.560105680317041
one epoch time: 47.74429106712341
epoch: 52
Train AUC: 0.9978149280045464
Train Accuracy: 0.9708710449269546
Train Precision: 0.853475935828877
Train Recall: 0.9962546816479401
Train F1: 0.9193548387096774
Test AUC: 0.8583560200206494
Test Accuracy: 0.843441466854725
Test Precision: 0.5268918073796123
Test Recall: 0.5941466854724965
Test F1: 0.5585018230029831
one epoch time: 47.875192165374756
epoch: 53
Train AUC: 0.9980943885122667
Train Accuracy: 0.9700982359148127
Train Precision: 0.8503121668950815
Train Recall: 0.9958979846620296
Train F1: 0.9173648759651717
Test AUC: 0.8573975841537674
Test Accuracy: 0.8386224729666196
Test Precision: 0.5135460565924143
Test Recall: 0.6015514809590973
Test F1: 0.5540759987008769
one epoch time: 48.57247281074524
epoch: 54
Train AUC: 0.9991021045710589
Train Accuracy: 0.9802636467668346
Train Precision: 0.8949344838606583
Train Recall: 0.9988407347957909
Train F1: 0.9440370838600927
Test AUC: 0.8600000049733331
Test Accuracy: 0.8458509637987777
Test Precision: 0.5341018251681076
Test Recall: 0.5881523272214386
Test F1: 0.559825474072831
one epoch time: 48.07997250556946
epoch: 55
Train AUC: 0.999115272455082
Train Accuracy: 0.9796097314488683
Train Precision: 0.892361664806251
Train Recall: 0.9980381665774924
Train F1: 0.942246169388786
Test AUC: 0.8596987577608862
Test Accuracy: 0.8453808180535967
Test Precision: 0.5334202804043039
Test Recall: 0.5768688293370945
Test F1: 0.5542944265627647
one epoch time: 44.053711891174316
epoch: 56
Train AUC: 0.9990880476958315
Train Accuracy: 0.9811850728966962
Train Precision: 0.900418612139752
Train Recall: 0.9974139468521491
Train F1: 0.9464376375021154
Test AUC: 0.8577880156600308
Test Accuracy: 0.8447931358721203
Test Precision: 0.5318315377081293
Test Recall: 0.5744005641748943
Test F1: 0.5522969994914392
one epoch time: 43.537405490875244
epoch: 57
Train AUC: 0.9993756093148098
Train Accuracy: 0.9855246927341091
Train Precision: 0.9220939818631492
Train Recall: 0.9974139468521491
Train F1: 0.9582762165867033
Test AUC: 0.8579736701804922
Test Accuracy: 0.8520216267042783
Test Precision: 0.5553621169916435
Test Recall: 0.5624118476727785
Test F1: 0.5588647512263489
one epoch time: 43.9831919670105
epoch: 58
Train AUC: 0.9990253793820852
Train Accuracy: 0.9801298913608869
Train Precision: 0.8951748419620709
Train Recall: 0.9975922953451043
Train F1: 0.9436126692252541
Test AUC: 0.8609897479713774
Test Accuracy: 0.844851904090268
Test Precision: 0.5315518351577592
Test Recall: 0.5821579689703809
Test F1: 0.5557051497812184
one epoch time: 44.74017691612244
epoch: 59
Train AUC: 0.9992452051193896
Train Accuracy: 0.984781607145511
Train Precision: 0.919065635795361
Train Recall: 0.9964330301408953
Train F1: 0.9561868902960807
Test AUC: 0.8601740716279309
Test Accuracy: 0.8525505406676069
Test Precision: 0.555631167063627
Test Recall: 0.5758110014104373
Test F1: 0.5655411255411256
one epoch time: 43.36821746826172
epoch: 60
Train AUC: 0.9992099571747651
Train Accuracy: 0.9806054661375897
Train Precision: 0.8974729241877256
Train Recall: 0.9975922953451043
Train F1: 0.9448878753325731
Test AUC: 0.8585071223101729
Test Accuracy: 0.8456158909261872
Test Precision: 0.5335043283103559
Test Recall: 0.5867418899858956
Test F1: 0.5588581024349286
one epoch time: 43.394054889678955
epoch: 61
Train AUC: 0.9992465950627032
Train Accuracy: 0.9855098310223371
Train Precision: 0.9227847055908828
Train Recall: 0.9964330301408953
Train F1: 0.9581957724134974
Test AUC: 0.8579812545132997
Test Accuracy: 0.8475552421250587
Test Precision: 0.5401459854014599
Test Recall: 0.5740479548660085
Test F1: 0.5565811965811965
one epoch time: 48.9176287651062
epoch: 62
Train AUC: 0.9995940188684519
Train Accuracy: 0.9870108639113053
Train Precision: 0.929473334440937
Train Recall: 0.9977706438380596
Train F1: 0.9624118355410287
Test AUC: 0.8575179388120896
Test Accuracy: 0.8498472026328162
Test Precision: 0.5474822575194322
Test Recall: 0.5712270803949224
Test F1: 0.5591026747195859
one epoch time: 48.65504693984985
epoch: 63
Train AUC: 0.9995680600072308
Train Accuracy: 0.9868473850818137
Train Precision: 0.9285536470002489
Train Recall: 0.9978598180845372
Train F1: 0.961960025789813
Test AUC: 0.8581144776707295
Test Accuracy: 0.8489656793606017
Test Precision: 0.5443037974683544
Test Recall: 0.576163610719323
Test F1: 0.5597807468311066
one epoch time: 48.33293557167053
epoch: 64
Train AUC: 0.9997093308876185
Train Accuracy: 0.9888091310357127
Train Precision: 0.9386163522012578
Train Recall: 0.99812734082397
Train F1: 0.9674575392194995
Test AUC: 0.8588568346525928
Test Accuracy: 0.8509050305594734
Test Precision: 0.5505579979709164
Test Recall: 0.5740479548660085
Test F1: 0.5620576557914725
one epoch time: 48.708109617233276
epoch: 65
Train AUC: 0.9996605381521451
Train Accuracy: 0.9904141959070846
Train Precision: 0.9477251546217064
Train Recall: 0.9975031210986267
Train F1: 0.9719772342181866
Test AUC: 0.85416052874487
Test Accuracy: 0.8487893747061589
Test Precision: 0.5459308417743626
Test Recall: 0.5511283497884344
Test F1: 0.5485172837339884
one epoch time: 49.147332429885864
epoch: 66
Train AUC: 0.9997517909522966
Train Accuracy: 0.9909640792426472
Train Precision: 0.9500169721656483
Train Recall: 0.9983056893169253
Train F1: 0.9735629185146535
Test AUC: 0.8592323212932258
Test Accuracy: 0.8526680771039022
Test Precision: 0.5569795635607897
Test Recall: 0.5669957686882934
Test F1: 0.5619430368687751
one epoch time: 46.498000144958496
epoch: 67
Train AUC: 0.9997047038394825
Train Accuracy: 0.9866541828287783
Train Precision: 0.9268454154253558
Train Recall: 0.9987515605493134
Train F1: 0.9614559189630011
Test AUC: 0.8573655807559862
Test Accuracy: 0.8450869769628585
Test Precision: 0.5321957501609788
Test Recall: 0.5828631875881524
Test F1: 0.5563783237967015
one epoch time: 44.961451292037964
epoch: 68
Train AUC: 0.9998576270249713
Train Accuracy: 0.9920192607784565
Train Precision: 0.9553091684434968
Train Recall: 0.9988407347957909
Train F1: 0.97659008675182
Test AUC: 0.8588160160220896
Test Accuracy: 0.8506699576868829
Test Precision: 0.5501530091805509
Test Recall: 0.5705218617771509
Test F1: 0.5601523281980266
one epoch time: 43.34721255302429
epoch: 69
Train AUC: 0.9997604399302265
Train Accuracy: 0.9924651121316154
Train Precision: 0.9585438972162741
Train Recall: 0.9979489923310148
Train F1: 0.9778496220892131
Test AUC: 0.8593969137484808
Test Accuracy: 0.8543135872120358
Test Precision: 0.5630965005302226
Test Recall: 0.561706629055007
Test F1: 0.5624007060900265
one epoch time: 44.16769480705261
epoch: 70
Train AUC: 0.9997239149553039
Train Accuracy: 0.9914991008664378
Train Precision: 0.9527739959155889
Train Recall: 0.9984840378098805
Train F1: 0.975093616650701
Test AUC: 0.8567813881964904
Test Accuracy: 0.8512576398683592
Test Precision: 0.5534900035075412
Test Recall: 0.5564174894217208
Test F1: 0.5549498857042378
one epoch time: 44.61897253990173
epoch: 71
Train AUC: 0.9997002008366307
Train Accuracy: 0.990235855365821
Train Precision: 0.9461583974304792
Train Recall: 0.9982165150704476
Train F1: 0.9714905619440226
Test AUC: 0.8558077587973287
Test Accuracy: 0.8494358251057827
Test Precision: 0.54631507775524
Test Recall: 0.5698166431593794
Test F1: 0.557818432861581
one epoch time: 43.7422981262207
epoch: 72
Train AUC: 0.9998081496549487
Train Accuracy: 0.9918260585254209
Train Precision: 0.9546384720327421
Train Recall: 0.9983948635634029
Train F1: 0.9760265016127626
Test AUC: 0.8581309394029217
Test Accuracy: 0.8504348848142924
Test Precision: 0.5502938126512271
Test Recall: 0.5613540197461213
Test F1: 0.55576889509513
one epoch time: 44.387763023376465
epoch: 73
Train AUC: 0.9999173126857605
Train Accuracy: 0.9944565815090582
Train Precision: 0.9684556218131536
Train Recall: 0.9992866060281791
Train F1: 0.983629580864604
Test AUC: 0.8585697241391658
Test Accuracy: 0.8522566995768688
Test Precision: 0.5558639833448994
Test Recall: 0.5648801128349789
Test F1: 0.5603357817418678
one epoch time: 44.77304935455322
epoch: 74
Train AUC: 0.9998071771717261
Train Accuracy: 0.9921381544726322
Train Precision: 0.9572100984167736
Train Recall: 0.9974139468521491
Train F1: 0.9768985545220316
Test AUC: 0.8575044983796881
Test Accuracy: 0.8525505406676069
Test Precision: 0.5569487983281086
Test Recall: 0.5638222849083215
Test F1: 0.5603644646924829
one epoch time: 44.372467279434204
epoch: 75
Train AUC: 0.9997732388590455
Train Accuracy: 0.9938026661910919
Train Precision: 0.9667963683527886
Train Recall: 0.9970572498662387
Train F1: 0.9816936652179639
Test AUC: 0.8579460806157384
Test Accuracy: 0.8540785143394453
Test Precision: 0.5626998223801065
Test Recall: 0.5585331452750353
Test F1: 0.5606087418156078
one epoch time: 44.3054621219635
epoch: 76
Train AUC: 0.9998126637900692
Train Accuracy: 0.9927474846552826
Train Precision: 0.9597908093278463
Train Recall: 0.9983056893169253
Train F1: 0.978669464113996
Test AUC: 0.858934033213907
Test Accuracy: 0.8521391631405736
Test Precision: 0.5545702592087313
Test Recall: 0.573342736248237
Test F1: 0.5638002773925104
one epoch time: 44.34232497215271
epoch: 77
Train AUC: 0.9998108547963401
Train Accuracy: 0.9943079643913386
Train Precision: 0.9686715707485937
Train Recall: 0.99812734082397
Train F1: 0.9831788835697659
Test AUC: 0.8566014903089634
Test Accuracy: 0.8536671368124118
Test Precision: 0.5621408045977011
Test Recall: 0.5518335684062059
Test F1: 0.5569395017793595
one epoch time: 44.81652617454529
epoch: 78
Train AUC: 0.9998447549412413
Train Accuracy: 0.9930744423142658
Train Precision: 0.9614459900394985
Train Recall: 0.9984840378098805
Train F1: 0.9796150481189851
Test AUC: 0.8582977076913589
Test Accuracy: 0.8452045133991537
Test Precision: 0.5328348504551366
Test Recall: 0.5779266572637518
Test F1: 0.5544654939106901
one epoch time: 44.13683319091797
epoch: 79
Train AUC: 0.9998713539079357
Train Accuracy: 0.9918855053725089
Train Precision: 0.9538801906058543
Train Recall: 0.9996433030140895
Train F1: 0.9762257249847601
Test AUC: 0.8572874621280693
Test Accuracy: 0.8464386459802539
Test Precision: 0.5365693670055756
Test Recall: 0.5768688293370945
Test F1: 0.5559898045879355
one epoch time: 43.98804712295532
epoch: 80
Train AUC: 0.9998774917640213
Train Accuracy: 0.9959576143980263
Train Precision: 0.9773996509598604
Train Recall: 0.9988407347957909
Train F1: 0.9880038810972921
Test AUC: 0.8587904655238611
Test Accuracy: 0.8537846732487071
Test Precision: 0.5617459190915542
Test Recall: 0.5581805359661495
Test F1: 0.559957552175451
one epoch time: 44.60608410835266
epoch: 81
Train AUC: 0.9998992140016871
Train Accuracy: 0.995719827009675
Train Precision: 0.975705329153605
Train Recall: 0.9991974317817014
Train F1: 0.9873116574147502
Test AUC: 0.8585357562748543
Test Accuracy: 0.8556652562294311
Test Precision: 0.568394528437725
Test Recall: 0.5567700987306065
Test F1: 0.562522265764161
one epoch time: 44.017240047454834
epoch: 82
Train AUC: 0.999902930589243
Train Accuracy: 0.995704965297903
Train Precision: 0.9760348583877996
Train Recall: 0.9987515605493134
Train F1: 0.9872625501344263
Test AUC: 0.858638505334397
Test Accuracy: 0.8557240244475788
Test Precision: 0.5676731793960924
Test Recall: 0.5634696755994358
Test F1: 0.5655636170589277
one epoch time: 44.52602243423462
epoch: 83
Train AUC: 0.9999443243415739
Train Accuracy: 0.9977707432342057
Train Precision: 0.9879167401658141
Train Recall: 0.9988407347957909
Train F1: 0.9933487052146152
Test AUC: 0.8579068285851266
Test Accuracy: 0.859602726845322
Test Precision: 0.5842442517904259
Test Recall: 0.5465444287729196
Test F1: 0.5647658954272181
one epoch time: 44.23211431503296
epoch: 84
Train AUC: 0.9998899392312012
Train Accuracy: 0.9961656783628339
Train Precision: 0.979516806722689
Train Recall: 0.9978598180845372
Train F1: 0.9886032335011927
Test AUC: 0.857596405573316
Test Accuracy: 0.8559003291020216
Test Precision: 0.5700218818380745
Test Recall: 0.5511283497884344
Test F1: 0.5604159196844747
one epoch time: 45.003114461898804
epoch: 85
Train AUC: 0.9997344325641188
Train Accuracy: 0.9939661450205834
Train Precision: 0.966183574879227
Train Recall: 0.9987515605493134
Train F1: 0.9821976672805403
Test AUC: 0.8565269773474629
Test Accuracy: 0.8489656793606017
Test Precision: 0.5453306066803
Test Recall: 0.5641748942172073
Test F1: 0.5545927209705372
one epoch time: 45.49335718154907
epoch: 86
Train AUC: 0.9998719725440333
Train Accuracy: 0.9937283576322321
Train Precision: 0.9649319317594348
Train Recall: 0.9986623863028358
Train F1: 0.9815074496056091
Test AUC: 0.8593751429833235
Test Accuracy: 0.853490832157969
Test Precision: 0.5590768170857734
Test Recall: 0.5722849083215797
Test F1: 0.5656037637219028
one epoch time: 44.96975040435791
epoch: 87
Train AUC: 0.9999161493636392
Train Accuracy: 0.9941296238500751
Train Precision: 0.9669400086318515
Train Recall: 0.9989299090422686
Train F1: 0.9826746787139787
Test AUC: 0.8590390451399594
Test Accuracy: 0.8508462623413258
Test Precision: 0.5512732278045424
Test Recall: 0.5648801128349789
Test F1: 0.5579937304075235
one epoch time: 44.70869183540344
epoch: 88
Train AUC: 0.9999204344920813
Train Accuracy: 0.9969384873749758
Train Precision: 0.9826376709926342
Train Recall: 0.9992866060281791
Train F1: 0.9908922097444514
Test AUC: 0.8590554695721542
Test Accuracy: 0.8556064880112835
Test Precision: 0.5685352622061483
Test Recall: 0.5543018335684062
Test F1: 0.561328334226031
one epoch time: 50.38183093070984
epoch: 89
Train AUC: 0.9998721387329074
Train Accuracy: 0.9965818062924487
Train Precision: 0.9805740287014351
Train Recall: 0.9992866060281791
Train F1: 0.9898418867591202
Test AUC: 0.8568485530585004
Test Accuracy: 0.855371415138693
Test Precision: 0.5683558148013125
Test Recall: 0.5497179125528914
Test F1: 0.5588815199856605
one epoch time: 48.83640503883362
epoch: 90
Train AUC: 0.9999150965690471
Train Accuracy: 0.9963737423276413
Train Precision: 0.979458041958042
Train Recall: 0.9991974317817014
Train F1: 0.9892292751831906
Test AUC: 0.8588652893186732
Test Accuracy: 0.8531969910672308
Test Precision: 0.5591322603219034
Test Recall: 0.5634696755994358
Test F1: 0.561292588689849
one epoch time: 51.561641693115234
epoch: 91
Train AUC: 0.999917139340427
Train Accuracy: 0.9965669445806769
Train Precision: 0.9816682747127445
Train Recall: 0.9980381665774924
Train F1: 0.9897855405704179
Test AUC: 0.8608234521495739
Test Accuracy: 0.8560766337564645
Test Precision: 0.5711658698050754
Test Recall: 0.5476022566995769
Test F1: 0.5591359135913592
one epoch time: 48.95891046524048
epoch: 92
Train AUC: 0.9999455838783063
Train Accuracy: 0.9973546153045908
Train Precision: 0.9852268730214562
Train Recall: 0.9991082575352238
Train F1: 0.9921190117772071
Test AUC: 0.8609681264062099
Test Accuracy: 0.85866243535496
Test Precision: 0.5802607076350094
Test Recall: 0.5493653032440057
Test F1: 0.564390508965767
one epoch time: 48.755603313446045
epoch: 93
Train AUC: 0.9998374068484721
Train Accuracy: 0.9966263914277647
Train Precision: 0.9812527376259308
Train Recall: 0.9988407347957909
Train F1: 0.9899686243316099
Test AUC: 0.8603660920146178
Test Accuracy: 0.858192289609779
Test Precision: 0.57818853974122
Test Recall: 0.5514809590973202
Test F1: 0.5645190398844974
one epoch time: 50.66334581375122
epoch: 94
Train AUC: 0.9999558828175498
Train Accuracy: 0.9976072644047141
Train Precision: 0.9867018934390136
Train Recall: 0.9991082575352238
Train F1: 0.9928663210598608
Test AUC: 0.860076457534699
Test Accuracy: 0.8565467795016455
Test Precision: 0.571480275063337
Test Recall: 0.5567700987306065
Test F1: 0.5640292909448116
one epoch time: 48.52956962585449
epoch: 95
Train AUC: 0.9999084927479837
Train Accuracy: 0.9955712098919554
Train Precision: 0.9751044568245125
Train Recall: 0.9989299090422686
Train F1: 0.9868734032243855
Test AUC: 0.8592664383575269
Test Accuracy: 0.8506111894687353
Test Precision: 0.5508298755186722
Test Recall: 0.561706629055007
Test F1: 0.5562150837988827
one epoch time: 49.5036461353302
epoch: 96
Train AUC: 0.9998615018497807
Train Accuracy: 0.9960319229568861
Train Precision: 0.9782437745740498
Train Recall: 0.9983948635634029
Train F1: 0.988216602674434
Test AUC: 0.8591117304015866
Test Accuracy: 0.8530794546309356
Test Precision: 0.5591966173361522
Test Recall: 0.5595909732016925
Test F1: 0.5593937257666549
one epoch time: 48.03280687332153
epoch: 97
Train AUC: 0.9996580667884047
Train Accuracy: 0.9949916031328488
Train Precision: 0.973201078917602
Train Recall: 0.9974139468521491
Train F1: 0.9851587616153609
Test AUC: 0.8603495805490957
Test Accuracy: 0.8526680771039022
Test Precision: 0.5569007263922519
Test Recall: 0.5677009873060649
Test F1: 0.5622489959839357
one epoch time: 49.20198941230774
epoch: 98
Train AUC: 0.9999075934196726
Train Accuracy: 0.9952442522329722
Train Precision: 0.9732406602953954
Train Recall: 0.9989299090422686
Train F1: 0.985917972187995
Test AUC: 0.8563482854931856
Test Accuracy: 0.8496121297602257
Test Precision: 0.5486476993326308
Test Recall: 0.5507757404795487
Test F1: 0.5497096603906387
one epoch time: 48.867878913879395
epoch: 99
Train AUC: 0.9999417440406283
Train Accuracy: 0.9977410198106618
Train Precision: 0.9875705218617772
Train Recall: 0.9990190832887462
Train F1: 0.993261813990602
Test AUC: 0.8594042742813037
Test Accuracy: 0.8559003291020216
Test Precision: 0.5698689956331878
Test Recall: 0.5521861777150917
Test F1: 0.5608882521489972
one epoch time: 49.82169771194458
epoch: 100
Train AUC: 0.9999829692185985
Train Accuracy: 0.9987664779229272
Train Precision: 0.9931767833407178
Train Recall: 0.9994649545211343
Train F1: 0.9963109471532068
Test AUC: 0.8611498395602778
Test Accuracy: 0.8586036671368125
Test Precision: 0.5813777441332324
Test Recall: 0.5416078984485191
Test F1: 0.56078860898138
one epoch time: 48.972288608551025
