epoch: 1
Train AUC: 0.640352452847424
Train Accuracy: 0.473760716722537
Train Precision: 0.20512820512820512
Train Recall: 0.7504449982200071
Train F1: 0.32218868212907414
Test AUC: 0.6294659730778477
Test Accuracy: 0.46242226828546046
Test Precision: 0.20053552644161807
Test Recall: 0.7452025586353944
Test F1: 0.31602742822696106
one epoch time: 49.07714557647705
epoch: 2
Train AUC: 0.732748905241964
Train Accuracy: 0.580393960070011
Train Precision: 0.25155161863690667
Train Recall: 0.7683339266642933
Train F1: 0.3790143782241247
Test AUC: 0.7272177065069083
Test Accuracy: 0.5745336097127628
Test Precision: 0.2485036832412523
Test Recall: 0.7672352523098792
Test F1: 0.37541297165710313
one epoch time: 47.21722102165222
epoch: 3
Train AUC: 0.7653748651318448
Train Accuracy: 0.6138123349847222
Train Precision: 0.2711387394074349
Train Recall: 0.7802598789604842
Train F1: 0.40243286665136563
Test AUC: 0.7634514792151915
Test Accuracy: 0.6155759549896358
Test Precision: 0.2720961943721334
Test Recall: 0.7800284292821607
Test F1: 0.40345556474588734
one epoch time: 43.44114112854004
epoch: 4
Train AUC: 0.7860140666517894
Train Accuracy: 0.6149692960337002
Train Precision: 0.27733075201161594
Train Recall: 0.8159487362050551
Train F1: 0.4139612588612453
Test AUC: 0.7797253541626163
Test Accuracy: 0.6144506958839207
Test Precision: 0.2755647316006801
Test Recall: 0.8063255152807391
Test F1: 0.4107530774800869
one epoch time: 43.38046646118164
epoch: 5
Train AUC: 0.802833385138639
Train Accuracy: 0.609406983298229
Train Precision: 0.2805732391500247
Train Recall: 0.8590245639017444
Train F1: 0.4229901176676819
Test AUC: 0.7933542133288197
Test Accuracy: 0.6040864672786497
Test Precision: 0.2745486313337216
Test Recall: 0.8375977256574272
Test F1: 0.4135450478112115
one epoch time: 43.461735010147095
epoch: 6
Train AUC: 0.8151957243190926
Train Accuracy: 0.642988519386514
Train Precision: 0.2965663739260011
Train Recall: 0.83250266998932
Train F1: 0.4373378217266288
Test AUC: 0.8057866322872576
Test Accuracy: 0.6376073437962689
Test Precision: 0.2899453412990975
Test Recall: 0.810589907604833
Test F1: 0.427113566145492
one epoch time: 44.160282135009766
epoch: 7
Train AUC: 0.8236020933225727
Train Accuracy: 0.6048236376042007
Train Precision: 0.28374508702975854
Train Recall: 0.8995194019223923
Train F1: 0.4314068635820386
Test AUC: 0.8134729663458697
Test Accuracy: 0.6022505182114303
Test Precision: 0.27964761689631806
Test Recall: 0.8798862828713575
Test F1: 0.4244086390126843
one epoch time: 45.77789497375488
epoch: 8
Train AUC: 0.8348953373881425
Train Accuracy: 0.64542110415616
Train Precision: 0.302718863869943
Train Recall: 0.8650765396938412
Train F1: 0.44849463605952244
Test AUC: 0.822604466524904
Test Accuracy: 0.6427006218537163
Test Precision: 0.2989883851629824
Test Recall: 0.8507462686567164
Test F1: 0.44247296922650403
one epoch time: 49.46145796775818
epoch: 9
Train AUC: 0.8399101691941814
Train Accuracy: 0.6415942329941559
Train Precision: 0.30269544247382396
Train Recall: 0.8825204699181203
Train F1: 0.45077849755654054
Test AUC: 0.826359183503177
Test Accuracy: 0.6360675155463429
Test Precision: 0.29546850055262186
Test Recall: 0.8550106609808102
Test F1: 0.43917130601442
one epoch time: 47.10588812828064
epoch: 10
Train AUC: 0.8532205640053592
Train Accuracy: 0.6659200806906167
Train Precision: 0.31857781206802327
Train Recall: 0.8819864720541117
Train F1: 0.4680820914909194
Test AUC: 0.8360780693020071
Test Accuracy: 0.659046490968315
Test Precision: 0.30995738086013175
Test Recall: 0.8528784648187633
Test F1: 0.4546746234725774
one epoch time: 47.80531358718872
epoch: 11
Train AUC: 0.8576566581295527
Train Accuracy: 0.6813017295084399
Train Precision: 0.328515023756943
Train Recall: 0.8737985048059808
Train F1: 0.477505957881426
Test AUC: 0.8394641107588345
Test Accuracy: 0.6717796861119336
Test Precision: 0.31715817694369974
Test Recall: 0.8407960199004975
Test F1: 0.4605801051197197
one epoch time: 47.866836071014404
epoch: 12
Train AUC: 0.8680379742544253
Train Accuracy: 0.7067697054199176
Train Precision: 0.3480104021944355
Train Recall: 0.869437522249911
Train F1: 0.4970615920828351
Test AUC: 0.8453737409584463
Test Accuracy: 0.6954101273319514
Test Precision: 0.3333333333333333
Test Recall: 0.8276474769012082
Test F1: 0.4752576267727783
one epoch time: 48.575966596603394
epoch: 13
Train AUC: 0.873139686137279
Train Accuracy: 0.6957044112848201
Train Precision: 0.34197350045982494
Train Recall: 0.893556425774297
Train F1: 0.49464219731494025
Test AUC: 0.8490352157100323
Test Accuracy: 0.6846313295824696
Test Precision: 0.3277068752573075
Test Recall: 0.8486140724946695
Test F1: 0.4728244728244728
one epoch time: 48.386051177978516
epoch: 14
Train AUC: 0.879573374118664
Train Accuracy: 0.7005399151561897
Train Precision: 0.34650070294551316
Train Recall: 0.8993414026343894
Train F1: 0.5002599074234511
Test AUC: 0.8548539650448732
Test Accuracy: 0.6909090909090909
Test Precision: 0.33277708246419135
Test Recall: 0.8503909026297086
Test F1: 0.4783608195902049
one epoch time: 47.8695912361145
epoch: 15
Train AUC: 0.8825764562735063
Train Accuracy: 0.7192589516152956
Train Precision: 0.360614737757802
Train Recall: 0.8854574581701673
Train F1: 0.5125048293625242
Test AUC: 0.8524015833600912
Test Accuracy: 0.7060704767545158
Test Precision: 0.34214778904069343
Test Recall: 0.8276474769012082
Test F1: 0.48414925683400895
one epoch time: 47.107810735702515
epoch: 16
Train AUC: 0.8901575255362857
Train Accuracy: 0.7396837639799461
Train Precision: 0.3792272379495027
Train Recall: 0.8822534709861161
Train F1: 0.530447345890411
Test AUC: 0.8550191846133961
Test Accuracy: 0.716967722830915
Test Precision: 0.3496096739629573
Test Recall: 0.8116560056858564
Test F1: 0.4887129560286723
one epoch time: 45.550058126449585
epoch: 17
Train AUC: 0.8930298693653398
Train Accuracy: 0.7324305081728915
Train Precision: 0.37319664492078286
Train Recall: 0.8909754360982556
Train F1: 0.5260502876960669
Test AUC: 0.8552800961637492
Test Accuracy: 0.7144210838021913
Test Precision: 0.3482925355092173
Test Recall: 0.8191186922530206
Test F1: 0.48876166242578456
one epoch time: 45.107038259506226
epoch: 18
Train AUC: 0.8999879712185967
Train Accuracy: 0.7192737844492568
Train Precision: 0.36501193652576885
Train Recall: 0.9253292986828052
Train F1: 0.5235146022155086
Test AUC: 0.8585048452368452
Test Accuracy: 0.696653834764584
Test Precision: 0.3368212669683258
Test Recall: 0.8464818763326226
Test F1: 0.4818935868905523
one epoch time: 46.23279857635498
epoch: 19
Train AUC: 0.9060446772256556
Train Accuracy: 0.7387344626064256
Train Precision: 0.3821769009088894
Train Recall: 0.9206123175507298
Train F1: 0.5401284528223069
Test AUC: 0.8604616944920969
Test Accuracy: 0.712940479715724
Test Precision: 0.34951887490747596
Test Recall: 0.8390191897654584
Test F1: 0.4934684920054342
one epoch time: 44.663952112197876
epoch: 20
Train AUC: 0.9136773289598308
Train Accuracy: 0.7397579281497523
Train Precision: 0.3847839585083458
Train Recall: 0.9376112495550017
Train F1: 0.5456428848892917
Test AUC: 0.8597225755846696
Test Accuracy: 0.705655907610305
Test Precision: 0.34290294374817837
Test Recall: 0.8361762615493958
Test F1: 0.4863579991732121
one epoch time: 44.70125365257263
epoch: 21
Train AUC: 0.9165013409541605
Train Accuracy: 0.7459580527455576
Train Precision: 0.39100832562442184
Train Recall: 0.9404592381630473
Train F1: 0.5523640260317294
Test AUC: 0.8556248802587466
Test Accuracy: 0.7042345276872964
Test Precision: 0.3405966656917227
Test Recall: 0.8276474769012082
Test F1: 0.48259428097803564
one epoch time: 44.166290044784546
epoch: 22
Train AUC: 0.9202795827295207
Train Accuracy: 0.7731763030644635
Train Precision: 0.4179478880077682
Train Recall: 0.9193663225347098
Train F1: 0.5746550956831331
Test AUC: 0.863842078782408
Test Accuracy: 0.7372816108972461
Test Precision: 0.36795831976554866
Test Recall: 0.8031272210376688
Test F1: 0.5046895935685574
one epoch time: 45.194072008132935
epoch: 23
Train AUC: 0.9267461034085946
Train Accuracy: 0.7881426325313714
Train Precision: 0.43582831388736787
Train Recall: 0.920879316482734
Train F1: 0.5916459387597565
Test AUC: 0.8599825400647353
Test Accuracy: 0.7424341131181522
Test Precision: 0.3706387999325805
Test Recall: 0.7814498933901919
Test F1: 0.5028009603292557
one epoch time: 44.71519732475281
epoch: 24
Train AUC: 0.9367397533880727
Train Accuracy: 0.8064018511376784
Train Precision: 0.4599647266313933
Train Recall: 0.9284442862228551
Train F1: 0.615166882887133
Test AUC: 0.864923140573971
Test Accuracy: 0.7559964465501925
Test Precision: 0.38495419309372797
Test Recall: 0.7764747690120825
Test F1: 0.5147232037691402
one epoch time: 44.20809507369995
epoch: 25
Train AUC: 0.9380726466984133
Train Accuracy: 0.7819870064374499
Train Precision: 0.4306212424849699
Train Recall: 0.9562121751512994
Train F1: 0.5938208146797104
Test AUC: 0.8621715983268323
Test Accuracy: 0.7319514361859639
Test Precision: 0.36277653093940365
Test Recall: 0.8041933191186923
Test F1: 0.5
one epoch time: 44.734742164611816
epoch: 26
Train AUC: 0.9453470757367548
Train Accuracy: 0.8209380284197099
Train Precision: 0.4809202117947782
Train Recall: 0.9377002491990032
Train F1: 0.6357711803041275
Test AUC: 0.8655354278285214
Test Accuracy: 0.7632217944921528
Test Precision: 0.3925589836660617
Test Recall: 0.7686567164179104
Test F1: 0.519702066314272
one epoch time: 44.21432375907898
epoch: 27
Train AUC: 0.950013048644897
Train Accuracy: 0.8238600967100774
Train Precision: 0.4854461804764725
Train Recall: 0.9484692061231755
Train F1: 0.6422007291572509
Test AUC: 0.8700510715860377
Test Accuracy: 0.7668936926265917
Test Precision: 0.3979628955983994
Test Recall: 0.7775408670931059
Test F1: 0.5264677574590952
one epoch time: 45.421546936035156
epoch: 28
Train AUC: 0.954225463481543
Train Accuracy: 0.8364235070752618
Train Precision: 0.5049481396897897
Train Recall: 0.9445532217871129
Train F1: 0.6580889192038197
Test AUC: 0.8648680842212686
Test Accuracy: 0.7714539532129109
Test Precision: 0.4006842805550276
Test Recall: 0.7491115849324804
Test F1: 0.5221052631578947
one epoch time: 44.277052879333496
epoch: 29
Train AUC: 0.958412148863597
Train Accuracy: 0.833026788098134
Train Precision: 0.4995157049951571
Train Recall: 0.9638661445354219
Train F1: 0.6580186529756661
Test AUC: 0.8620004564121129
Test Accuracy: 0.7631625703286941
Test Precision: 0.3913840513290559
Test Recall: 0.7587064676616916
Test F1: 0.5163865038094086
one epoch time: 44.88182067871094
epoch: 30
Train AUC: 0.9638644550597832
Train Accuracy: 0.850188376991308
Train Precision: 0.5277832126785365
Train Recall: 0.9603061587753648
Train F1: 0.6811868686868687
Test AUC: 0.8618743319050504
Test Accuracy: 0.776428782943441
Test Precision: 0.4060238607471152
Test Recall: 0.7377398720682303
Test F1: 0.523779487826416
one epoch time: 44.58519458770752
epoch: 31
Train AUC: 0.9684975018065114
Train Accuracy: 0.8500697143196179
Train Precision: 0.5271362586605081
Train Recall: 0.9750800996796013
Train F1: 0.6843222985633979
Test AUC: 0.8626830541647934
Test Accuracy: 0.7697956766360675
Test Precision: 0.3986013986013986
Test Recall: 0.7494669509594882
Test F1: 0.5204194941394201
one epoch time: 44.74781680107117
epoch: 32
Train AUC: 0.9721078890683548
Train Accuracy: 0.8613575009641342
Train Precision: 0.5470298262211821
Train Recall: 0.977750088999644
Train F1: 0.7015549666336729
Test AUC: 0.8672570879624235
Test Accuracy: 0.7794492152798341
Test Precision: 0.41116751269035534
Test Recall: 0.7484008528784648
Test F1: 0.5307459677419355
one epoch time: 43.67699718475342
epoch: 33
Train AUC: 0.9764552797810312
Train Accuracy: 0.8766204871102673
Train Precision: 0.5765236546732403
Train Recall: 0.9782840868636525
Train F1: 0.7254966668866741
Test AUC: 0.8642774533072882
Test Accuracy: 0.7872668048563815
Test Precision: 0.419528340918494
Test Recall: 0.720682302771855
Test F1: 0.5303347280334728
one epoch time: 43.7654230594635
epoch: 34
Train AUC: 0.9794662263538835
Train Accuracy: 0.8835177549022516
Train Precision: 0.590653304035586
Train Recall: 0.9808650765396938
Train F1: 0.7373139320956682
Test AUC: 0.8628994912944542
Test Accuracy: 0.7884512881255552
Test Precision: 0.42000844238075136
Test Recall: 0.7071783937455579
Test F1: 0.5270127118644068
one epoch time: 44.05199575424194
epoch: 35
Train AUC: 0.9841492278774753
Train Accuracy: 0.8943308908600077
Train Precision: 0.6136916611369166
Train Recall: 0.9877180491278035
Train F1: 0.7570259208731241
Test AUC: 0.8644796843826392
Test Accuracy: 0.796742671009772
Test Precision: 0.43308791684711995
Test Recall: 0.7107320540156361
Test F1: 0.5382131324004306
one epoch time: 43.90180945396423
epoch: 36
Train AUC: 0.9839827507658039
Train Accuracy: 0.9119522976059806
Train Precision: 0.6582845538167483
Train Recall: 0.9808650765396938
Train F1: 0.7878332975909643
Test AUC: 0.8627499552098892
Test Accuracy: 0.8079952620669233
Test Precision: 0.44912030432715166
Test Recall: 0.6712864250177683
Test F1: 0.5381766381766382
one epoch time: 43.88338541984558
epoch: 37
Train AUC: 0.9837697809954193
Train Accuracy: 0.9090895606514581
Train Precision: 0.6511036155985561
Train Recall: 0.9792630829476682
Train F1: 0.7821574551270659
Test AUC: 0.8644756561770172
Test Accuracy: 0.8111933668936926
Test Precision: 0.45570819516816674
Test Recall: 0.6837242359630419
Test F1: 0.5469016486640137
one epoch time: 43.910444259643555
epoch: 38
Train AUC: 0.9894293580509634
Train Accuracy: 0.9263253137144383
Train Precision: 0.6967547548804218
Train Recall: 0.9878960484158064
Train F1: 0.8171678875105827
Test AUC: 0.8635384985587106
Test Accuracy: 0.8193070772875333
Test Precision: 0.4699619771863118
Test Recall: 0.6588486140724946
Test F1: 0.5486018641810919
one epoch time: 43.972705364227295
epoch: 39
Train AUC: 0.9900665533324482
Train Accuracy: 0.9326737666498561
Train Precision: 0.7169139081427739
Train Recall: 0.9849590601637593
Train F1: 0.8298279158699808
Test AUC: 0.8641191789208723
Test Accuracy: 0.8222682854604678
Test Precision: 0.47575836142079336
Test Recall: 0.6520966595593461
Test F1: 0.5501424074351672
one epoch time: 49.68256211280823
epoch: 40
Train AUC: 0.991767828370287
Train Accuracy: 0.9294402088463022
Train Precision: 0.7047853846640116
Train Recall: 0.9922570309718761
Train F1: 0.8241729809647015
Test AUC: 0.8630275730801105
Test Accuracy: 0.8158720758069292
Test Precision: 0.4635171902052931
Test Recall: 0.665955934612651
Test F1: 0.5465947207233484
one epoch time: 48.886313676834106
epoch: 41
Train AUC: 0.9936508943135136
Train Accuracy: 0.9336082351894153
Train Precision: 0.7164446721311475
Train Recall: 0.9957280170879317
Train F1: 0.8333085058841054
Test AUC: 0.8621251034895272
Test Accuracy: 0.8167012140953509
Test Precision: 0.46483103879849813
Test Recall: 0.6599147121535182
Test F1: 0.5454545454545454
one epoch time: 48.701340198516846
epoch: 42
Train AUC: 0.9930475012178481
Train Accuracy: 0.9352991782609985
Train Precision: 0.7223444171302885
Train Recall: 0.9937700249199003
Train F1: 0.8365924926949876
Test AUC: 0.8644676376485846
Test Accuracy: 0.8234527687296417
Test Precision: 0.4786826653050804
Test Recall: 0.6663113006396588
Test F1: 0.5571237557569455
one epoch time: 48.032493352890015
epoch: 43
Train AUC: 0.9945151739719835
Train Accuracy: 0.9445548666528227
Train Precision: 0.7526280323450135
Train Recall: 0.9940370238519046
Train F1: 0.8566497929130235
Test AUC: 0.861242787554658
Test Accuracy: 0.8254071661237785
Test Precision: 0.4821808510638298
Test Recall: 0.6442786069651741
Test F1: 0.5515667782172193
one epoch time: 47.89613199234009
epoch: 44
Train AUC: 0.9954282694171774
Train Accuracy: 0.9501171793882939
Train Precision: 0.7716513698157477
Train Recall: 0.9951940192239231
Train F1: 0.8692812998017647
Test AUC: 0.859593837163614
Test Accuracy: 0.825703286941072
Test Precision: 0.4825534216932648
Test Recall: 0.6339729921819474
Test F1: 0.5479956995853171
one epoch time: 47.60965847969055
epoch: 45
Train AUC: 0.9956127137418757
Train Accuracy: 0.951911952297606
Train Precision: 0.7791981000279408
Train Recall: 0.9927910288358847
Train F1: 0.8731214777708203
Test AUC: 0.8607656914267208
Test Accuracy: 0.829730530056263
Test Precision: 0.4915207117041979
Test Recall: 0.6282871357498223
Test F1: 0.5515520199656839
one epoch time: 49.622194051742554
epoch: 46
Train AUC: 0.9967358530676232
Train Accuracy: 0.9642083716514878
Train Precision: 0.827481256031475
Train Recall: 0.9920790316838732
Train F1: 0.9023353705427611
Test AUC: 0.8628729859540132
Test Accuracy: 0.8395617411904057
Test Precision: 0.5158466646543918
Test Recall: 0.607320540156361
Test F1: 0.557858658397258
one epoch time: 48.261271476745605
epoch: 47
Train AUC: 0.9955713940627202
Train Accuracy: 0.951511465780652
Train Precision: 0.777615164819848
Train Recall: 0.9930580277678889
Train F1: 0.8722298221614228
Test AUC: 0.8638392501991499
Test Accuracy: 0.8304412200177672
Test Precision: 0.49324137931034484
Test Recall: 0.6353944562899787
Test F1: 0.5553657400217425
one epoch time: 47.68129229545593
epoch: 48
Train AUC: 0.9969590832540518
Train Accuracy: 0.9622207719006793
Train Precision: 0.8179290157336261
Train Recall: 0.9947490210039159
Train F1: 0.8977149512067788
Test AUC: 0.8594878789398692
Test Accuracy: 0.832395617411904
Test Precision: 0.4977142857142857
Test Recall: 0.6190476190476191
Test F1: 0.5517896737408933
one epoch time: 48.45843267440796
epoch: 49
Train AUC: 0.9976951053357723
Train Accuracy: 0.9665371265834051
Train Precision: 0.8353248693054518
Train Recall: 0.9954610181559274
Train F1: 0.9083895070250955
Test AUC: 0.8639591619251277
Test Accuracy: 0.8360082913828842
Test Precision: 0.5065123010130246
Test Recall: 0.6218905472636815
Test F1: 0.5583027596107832
one epoch time: 48.97529602050781
epoch: 50
Train AUC: 0.9983096119019887
Train Accuracy: 0.9729449108546679
Train Precision: 0.8626695437731196
Train Recall: 0.9962620149519402
Train F1: 0.9246654551462085
Test AUC: 0.8616128647401287
Test Accuracy: 0.8390287237192775
Test Precision: 0.5147058823529411
Test Recall: 0.5970149253731343
Test F1: 0.5528134254689042
one epoch time: 42.92498826980591
epoch: 51
Train AUC: 0.9984946581964412
Train Accuracy: 0.9712243021151621
Train Precision: 0.8540524070688604
Train Recall: 0.9978640085439658
Train F1: 0.9203743227713019
Test AUC: 0.8632419392827428
Test Accuracy: 0.8394432928634883
Test Precision: 0.5154053245587795
Test Recall: 0.6122956645344705
Test F1: 0.5596881598180933
one epoch time: 43.47810101509094
epoch: 52
Train AUC: 0.9987657259687435
Train Accuracy: 0.9741463704055296
Train Precision: 0.8667233253496098
Train Recall: 0.9983980064079744
Train F1: 0.9279126514744199
Test AUC: 0.8623136588699296
Test Accuracy: 0.8397394136807818
Test Precision: 0.5163636363636364
Test Recall: 0.605543710021322
Test F1: 0.5574092247301276
one epoch time: 42.343950271606445
epoch: 53
Train AUC: 0.9982650003987574
Train Accuracy: 0.970349164911448
Train Precision: 0.8509231821290175
Train Recall: 0.9967070131719473
Train F1: 0.9180636963561094
Test AUC: 0.8634978629295829
Test Accuracy: 0.8399170861711578
Test Precision: 0.5163765122455002
Test Recall: 0.6218905472636815
Test F1: 0.5642431081734645
one epoch time: 42.66146230697632
epoch: 54
Train AUC: 0.9986126418920332
Train Accuracy: 0.9763861283336794
Train Precision: 0.8783147654166013
Train Recall: 0.9963510145959417
Train F1: 0.9336168793261613
Test AUC: 0.8630773258392042
Test Accuracy: 0.8432928634883032
Test Precision: 0.5260384376937384
Test Recall: 0.6030561478322672
Test F1: 0.5619205298013245
one epoch time: 42.31970953941345
epoch: 55
Train AUC: 0.9982056952890697
Train Accuracy: 0.9686433890059035
Train Precision: 0.8435522747815607
Train Recall: 0.9967070131719473
Train F1: 0.9137565274151436
Test AUC: 0.8637749504404432
Test Accuracy: 0.836245188036719
Test Precision: 0.5070993914807302
Test Recall: 0.6218905472636815
Test F1: 0.5586592178770949
one epoch time: 42.300997495651245
epoch: 56
Train AUC: 0.9991800055137895
Train Accuracy: 0.9809249755258239
Train Precision: 0.8981911317432367
Train Recall: 0.99875400498398
Train F1: 0.9458069953645175
Test AUC: 0.8613924499152612
Test Accuracy: 0.8450695883920639
Test Precision: 0.5312302839116719
Test Recall: 0.5984363894811656
Test F1: 0.5628342245989305
one epoch time: 42.29977202415466
epoch: 57
Train AUC: 0.9990900189562175
Train Accuracy: 0.983758046812424
Train Precision: 0.9138170244021873
Train Recall: 0.9965290138839444
Train F1: 0.9533824343309635
Test AUC: 0.8618901164098387
Test Accuracy: 0.8474385549304116
Test Precision: 0.5389652914210871
Test Recall: 0.5849324804548686
Test F1: 0.5610088616223585
one epoch time: 42.31686520576477
epoch: 58
Train AUC: 0.9990539071075
Train Accuracy: 0.9816517843899255
Train Precision: 0.9030229746070133
Train Recall: 0.9969740121039515
Train F1: 0.9476756482382301
Test AUC: 0.863590195968794
Test Accuracy: 0.8463725199881552
Test Precision: 0.5352338244714926
Test Recall: 0.593816631130064
Test F1: 0.5630053908355795
one epoch time: 42.309592723846436
epoch: 59
Train AUC: 0.9990854701242473
Train Accuracy: 0.9811474680352428
Train Precision: 0.9017821143456173
Train Recall: 0.9952830188679245
Train F1: 0.946228370774633
Test AUC: 0.8615368086822554
Test Accuracy: 0.849096831507255
Test Precision: 0.5432379713914174
Test Recall: 0.593816631130064
Test F1: 0.5674023769100169
one epoch time: 42.43483281135559
epoch: 60
Train AUC: 0.999293165530695
Train Accuracy: 0.9834020587973539
Train Precision: 0.9120977596741344
Train Recall: 0.996440014239943
Train F1: 0.9524052571136915
Test AUC: 0.8595289817903387
Test Accuracy: 0.8464909683150725
Test Precision: 0.5356913183279742
Test Recall: 0.5920398009950248
Test F1: 0.562457798784605
one epoch time: 42.31253099441528
epoch: 61
Train AUC: 0.9993378578246039
Train Accuracy: 0.9852116645406271
Train Precision: 0.920009844942161
Train Recall: 0.9980420078319687
Train F1: 0.9574386339381004
Test AUC: 0.8621835692952641
Test Accuracy: 0.8493929523245484
Test Precision: 0.5447342357213601
Test Recall: 0.5863539445628998
Test F1: 0.5647783672770836
one epoch time: 42.313019037246704
epoch: 62
Train AUC: 0.99943677016791
Train Accuracy: 0.9850781690349758
Train Precision: 0.9195374015748031
Train Recall: 0.9977750088999644
Train F1: 0.9570599282909339
Test AUC: 0.8610113109488348
Test Accuracy: 0.8449511400651466
Test Precision: 0.531715210355987
Test Recall: 0.583866382373845
Test F1: 0.5565718157181572
one epoch time: 42.35586905479431
epoch: 63
Train AUC: 0.9993492992102574
Train Accuracy: 0.9823489275861046
Train Precision: 0.9058661926308985
Train Recall: 0.9977750088999644
Train F1: 0.9496018973403354
Test AUC: 0.8623822898967501
Test Accuracy: 0.8420491560556708
Test Precision: 0.5228758169934641
Test Recall: 0.5970149253731343
Test F1: 0.5574912891986062
one epoch time: 42.308778524398804
epoch: 64
Train AUC: 0.9995017733965588
Train Accuracy: 0.9877629119819633
Train Precision: 0.9323864108314645
Train Recall: 0.9990210039159844
Train F1: 0.9645542427497314
Test AUC: 0.8653576690493944
Test Accuracy: 0.8490376073437963
Test Precision: 0.5432018258884904
Test Recall: 0.5920398009950248
Test F1: 0.5665703111715694
one epoch time: 44.1246452331543
epoch: 65
Train AUC: 0.9995442803818475
Train Accuracy: 0.9887715446913288
Train Precision: 0.9398874989505499
Train Recall: 0.9963510145959417
Train F1: 0.9672959778805029
Test AUC: 0.8641289274310296
Test Accuracy: 0.8542493337281611
Test Precision: 0.5604659129838986
Test Recall: 0.5813788201847904
Test F1: 0.5707308564451422
one epoch time: 43.23520302772522
epoch: 66
Train AUC: 0.9995238165784727
Train Accuracy: 0.9868581091103266
Train Precision: 0.929033327806334
Train Recall: 0.9973300106799573
Train F1: 0.9619709846338742
Test AUC: 0.8650246538811672
Test Accuracy: 0.850044418122594
Test Precision: 0.5465346534653466
Test Recall: 0.5884861407249466
Test F1: 0.5667351129363449
one epoch time: 43.19021534919739
epoch: 67
Train AUC: 0.9996677031909935
Train Accuracy: 0.9915156189741612
Train Precision: 0.953016142735769
Train Recall: 0.9983090067639729
Train F1: 0.9751369208032687
Test AUC: 0.8638049283719376
Test Accuracy: 0.8533609712762807
Test Precision: 0.5588850174216028
Test Recall: 0.5700071073205402
Test F1: 0.5643912737508796
one epoch time: 43.490175008773804
epoch: 68
Train AUC: 0.9997152714746088
Train Accuracy: 0.99161944881189
Train Precision: 0.9539691993533566
Train Recall: 0.9978640085439658
Train F1: 0.9754230284048893
Test AUC: 0.8623531075042972
Test Accuracy: 0.852354160497483
Test Precision: 0.5549093397194663
Test Recall: 0.5764036958066808
Test F1: 0.5654523270001743
one epoch time: 43.57398223876953
epoch: 69
Train AUC: 0.9995726886018446
Train Accuracy: 0.9903883235931057
Train Precision: 0.948340108401084
Train Recall: 0.9966180135279459
Train F1: 0.9718798819649367
Test AUC: 0.8573374485178905
Test Accuracy: 0.8518211430263547
Test Precision: 0.5546984572230014
Test Recall: 0.5621890547263682
Test F1: 0.5584186374867631
one epoch time: 43.553858041763306
epoch: 70
Train AUC: 0.9998016652232276
Train Accuracy: 0.9933252247174346
Train Precision: 0.9625214408233276
Train Recall: 0.9988430046279815
Train F1: 0.9803459119496856
Test AUC: 0.864446764219452
Test Accuracy: 0.858868818477939
Test Precision: 0.5777136675081139
Test Recall: 0.5692963752665245
Test F1: 0.5734741363880437
one epoch time: 43.511703968048096
epoch: 71
Train AUC: 0.9996677293291539
Train Accuracy: 0.9918122756533864
Train Precision: 0.9552582239645475
Train Recall: 0.9975970096119615
Train F1: 0.9759686547670875
Test AUC: 0.8627098625677262
Test Accuracy: 0.8511696772283092
Test Precision: 0.551594103531025
Test Recall: 0.5717839374555792
Test F1: 0.5615075902983773
one epoch time: 43.59707975387573
epoch: 72
Train AUC: 0.9997583709248659
Train Accuracy: 0.9914859533062387
Train Precision: 0.952546689303905
Train Recall: 0.9986650053399786
Train F1: 0.9750608272506083
Test AUC: 0.8624758983239482
Test Accuracy: 0.8540124370743263
Test Precision: 0.5604015230183454
Test Recall: 0.5753375977256574
Test F1: 0.5677713484131159
one epoch time: 43.193925857543945
epoch: 73
Train AUC: 0.9998480351117931
Train Accuracy: 0.9946750126079089
Train Precision: 0.9699300095048821
Train Recall: 0.9990210039159844
Train F1: 0.9842605988864045
Test AUC: 0.8620108110472543
Test Accuracy: 0.8544862303819959
Test Precision: 0.5631858407079646
Test Recall: 0.5653873489694385
Test F1: 0.5642844475970917
one epoch time: 43.20806527137756
epoch: 74
Train AUC: 0.999806712264376
Train Accuracy: 0.9923017591741078
Train Precision: 0.9567811780751854
Train Recall: 0.9989320042719829
Train F1: 0.9774023599076936
Test AUC: 0.8607185399540163
Test Accuracy: 0.8480307965649985
Test Precision: 0.5413885180240321
Test Recall: 0.5764036958066808
Test F1: 0.5583476764199655
one epoch time: 43.276458501815796
epoch: 75
Train AUC: 0.9997513460962495
Train Accuracy: 0.9913079592987036
Train Precision: 0.9519606178916992
Train Recall: 0.9982200071199715
Train F1: 0.9745416630463116
Test AUC: 0.8619371668617126
Test Accuracy: 0.8505182114302635
Test Precision: 0.5485274431057564
Test Recall: 0.5824449182658138
Test F1: 0.5649775939331265
one epoch time: 43.7562415599823
epoch: 76
Train AUC: 0.9998442664643067
Train Accuracy: 0.9932362277136669
Train Precision: 0.9620264015086576
Train Recall: 0.9988430046279815
Train F1: 0.9800890751899397
Test AUC: 0.8628497637905682
Test Accuracy: 0.8522357121705656
Test Precision: 0.5550189720593308
Test Recall: 0.5717839374555792
Test F1: 0.5632767372658848
one epoch time: 43.20373463630676
epoch: 77
Train AUC: 0.9995239924170061
Train Accuracy: 0.9884007238422973
Train Precision: 0.9372594947297975
Train Recall: 0.9971520113919544
Train F1: 0.9662785683484261
Test AUC: 0.861463619090452
Test Accuracy: 0.8488599348534202
Test Precision: 0.5425048669695003
Test Recall: 0.5941719971570718
Test F1: 0.5671641791044776
one epoch time: 43.185755491256714
epoch: 78
Train AUC: 0.9997558727503867
Train Accuracy: 0.99161944881189
Train Precision: 0.9535061623459413
Train Recall: 0.9983980064079744
Train F1: 0.9754358506151907
Test AUC: 0.8634967643280494
Test Accuracy: 0.8512881255552265
Test Precision: 0.5508218718550821
Test Recall: 0.5835110163468372
Test F1: 0.566695427092321
one epoch time: 43.18978142738342
epoch: 79
Train AUC: 0.9998082512475761
Train Accuracy: 0.9925539173514492
Train Precision: 0.9585611756664388
Train Recall: 0.9984870060519758
Train F1: 0.9781168265039233
Test AUC: 0.8629089619973274
Test Accuracy: 0.8512881255552265
Test Precision: 0.5510616784630941
Test Recall: 0.5810234541577826
Test F1: 0.5656460819927348
one epoch time: 43.22136330604553
epoch: 80
Train AUC: 0.9999222579824641
Train Accuracy: 0.9952831588003204
Train Precision: 0.9727225493591964
Train Recall: 0.9997330010679957
Train F1: 0.9860428370786517
Test AUC: 0.8634244207857027
Test Accuracy: 0.8519988155167308
Test Precision: 0.5536261491317671
Test Recall: 0.5778251599147122
Test F1: 0.5654668753260302
one epoch time: 43.219430446624756
epoch: 81
Train AUC: 0.9998896248852726
Train Accuracy: 0.9955056513097392
Train Precision: 0.9745637642156437
Train Recall: 0.9991100035599858
Train F1: 0.9866842452208305
Test AUC: 0.8617862164855186
Test Accuracy: 0.8546046787089132
Test Precision: 0.5636299184686282
Test Recall: 0.5650319829424307
Test F1: 0.5643300798580302
one epoch time: 43.21340036392212
epoch: 82
Train AUC: 0.9998423124388025
Train Accuracy: 0.9942448604230324
Train Precision: 0.967344476994658
Train Recall: 0.9991990032039871
Train F1: 0.9830137466071273
Test AUC: 0.861926105080757
Test Accuracy: 0.8547231270358306
Test Precision: 0.5633555633555634
Test Recall: 0.570362473347548
Test F1: 0.5668373653540526
one epoch time: 43.265442848205566
epoch: 83
Train AUC: 0.9999209645395587
Train Accuracy: 0.996069299000267
Train Precision: 0.9777893911680168
Train Recall: 0.9991100035599858
Train F1: 0.9883347272967381
Test AUC: 0.8654218046492513
Test Accuracy: 0.854841575362748
Test Precision: 0.5642933049946866
Test Recall: 0.5660980810234542
Test F1: 0.5651942522618414
one epoch time: 43.16761493682861
epoch: 84
Train AUC: 0.9997694788509586
Train Accuracy: 0.9958171408229256
Train Precision: 0.9760952712100139
Train Recall: 0.99937700249199
Train F1: 0.987598944591029
Test AUC: 0.8609403438153052
Test Accuracy: 0.8567959727568848
Test Precision: 0.5722627737226277
Test Recall: 0.5572139303482587
Test F1: 0.5646380986676269
one epoch time: 43.26346969604492
epoch: 85
Train AUC: 0.999765157341777
Train Accuracy: 0.9940372007475748
Train Precision: 0.9664198381263992
Train Recall: 0.9989320042719829
Train F1: 0.9824070021881838
Test AUC: 0.8619981455606117
Test Accuracy: 0.8539532129108677
Test Precision: 0.5609243697478992
Test Recall: 0.5692963752665245
Test F1: 0.5650793650793651
one epoch time: 43.25188088417053
epoch: 86
Train AUC: 0.9994332827036638
Train Accuracy: 0.9918122756533864
Train Precision: 0.9554911323328786
Train Recall: 0.9973300106799573
Train F1: 0.9759623758927016
Test AUC: 0.8616344831978873
Test Accuracy: 0.8503997631033462
Test Precision: 0.5494505494505495
Test Recall: 0.5685856432125089
Test F1: 0.5588543485854
one epoch time: 43.341742277145386
epoch: 87
Train AUC: 0.9999447938290977
Train Accuracy: 0.996588448188911
Train Precision: 0.980108183563078
Train Recall: 0.9998220007119971
Train F1: 0.9898669486298353
Test AUC: 0.8638493649098185
Test Accuracy: 0.8541308854012437
Test Precision: 0.5617740232312566
Test Recall: 0.5671641791044776
Test F1: 0.5644562334217507
one epoch time: 43.14946532249451
epoch: 88
Train AUC: 0.9997925818164657
Train Accuracy: 0.9917677771515025
Train Precision: 0.9547815720003406
Train Recall: 0.9978640085439658
Train F1: 0.9758475129466034
Test AUC: 0.8630879077712144
Test Accuracy: 0.850636659757181
Test Precision: 0.5478374836173001
Test Recall: 0.5941719971570718
Test F1: 0.5700647800886465
one epoch time: 45.19413352012634
epoch: 89
Train AUC: 0.9997956613669968
Train Accuracy: 0.9937998754041947
Train Precision: 0.9653303509979353
Train Recall: 0.9986650053399786
Train F1: 0.9817147856517935
Test AUC: 0.8611384709194114
Test Accuracy: 0.85022209061297
Test Precision: 0.5487846627867169
Test Recall: 0.5696517412935324
Test F1: 0.559023539668701
one epoch time: 45.442455530166626
epoch: 90
Train AUC: 0.9998115834669907
Train Accuracy: 0.9942893589249162
Train Precision: 0.9688067052622483
Train Recall: 0.9978640085439658
Train F1: 0.9831206979700995
Test AUC: 0.8637698615160994
Test Accuracy: 0.8528279538051525
Test Precision: 0.5572173913043478
Test Recall: 0.5692963752665245
Test F1: 0.5631921251538056
one epoch time: 44.612746715545654
epoch: 91
Train AUC: 0.9999372858405474
Train Accuracy: 0.9974190868907413
Train Precision: 0.9854309285588907
Train Recall: 0.9992880028479886
Train F1: 0.992311091471498
Test AUC: 0.8645177439805853
Test Accuracy: 0.8554930411607936
Test Precision: 0.5678027556200145
Test Recall: 0.5565031982942431
Test F1: 0.5620961952620244
one epoch time: 44.39354062080383
epoch: 92
Train AUC: 0.9999122914227079
Train Accuracy: 0.9946453469399864
Train Precision: 0.9695190398065797
Train Recall: 0.9992880028479886
Train F1: 0.9841784634263926
Test AUC: 0.8626515861760469
Test Accuracy: 0.8496298489783832
Test Precision: 0.5457266378450283
Test Recall: 0.5831556503198294
Test F1: 0.56382064937296
one epoch time: 44.583433628082275
epoch: 93
Train AUC: 0.9991773481341516
Train Accuracy: 0.995149663294669
Train Precision: 0.9756693119386064
Train Recall: 0.9957280170879317
Train F1: 0.9855966171871559
Test AUC: 0.8649499237216963
Test Accuracy: 0.8559076103050044
Test Precision: 0.5650837034506321
Test Recall: 0.587775408670931
Test F1: 0.5762062358474134
one epoch time: 44.434170961380005
epoch: 94
Train AUC: 0.9999575999435492
Train Accuracy: 0.9975674152303539
Train Precision: 0.9868097080548716
Train Recall: 0.99875400498398
Train F1: 0.9927459306440198
Test AUC: 0.8640684033258683
Test Accuracy: 0.858868818477939
Test Precision: 0.5799628942486086
Test Recall: 0.5554371002132196
Test F1: 0.5674351061898711
one epoch time: 44.44309210777283
epoch: 95
Train AUC: 0.9999477688269874
Train Accuracy: 0.997686077902044
Train Precision: 0.9872471416007036
Train Recall: 0.9990210039159844
Train F1: 0.9930991772095904
Test AUC: 0.8624898518261813
Test Accuracy: 0.85655907610305
Test Precision: 0.5727542687453601
Test Recall: 0.5483297796730633
Test F1: 0.5602759622367466
one epoch time: 44.52945041656494
epoch: 96
Train AUC: 0.9999701256668256
Train Accuracy: 0.9988578717849832
Train Precision: 0.9936300097319296
Train Recall: 0.9995550017799929
Train F1: 0.9965836993655441
Test AUC: 0.8656384311929697
Test Accuracy: 0.8609416641989932
Test Precision: 0.5862962962962963
Test Recall: 0.562544420753376
Test F1: 0.5741748277112804
one epoch time: 43.97131562232971
epoch: 97
Train AUC: 0.9996376601478749
Train Accuracy: 0.9894835207214691
Train Precision: 0.9432421052631579
Train Recall: 0.9968850124599502
Train F1: 0.9693219678940764
Test AUC: 0.8601044090693066
Test Accuracy: 0.8457802783535683
Test Precision: 0.5334394904458599
Test Recall: 0.5952380952380952
Test F1: 0.5626469600268726
one epoch time: 43.222198247909546
epoch: 98
Train AUC: 0.9999598145585916
Train Accuracy: 0.9973597555548963
Train Precision: 0.9846598877980365
Train Recall: 0.9997330010679957
Train F1: 0.9921391980215509
Test AUC: 0.8622844259670611
Test Accuracy: 0.8563221794492153
Test Precision: 0.5698344132469403
Test Recall: 0.562544420753376
Test F1: 0.5661659513590844
one epoch time: 43.13100218772888
epoch: 99
Train AUC: 0.9999494749360007
Train Accuracy: 0.9969889347058649
Train Precision: 0.9832676303109943
Train Recall: 0.9989320042719829
Train F1: 0.9910379232704958
Test AUC: 0.8625883723912696
Test Accuracy: 0.857328990228013
Test Precision: 0.5727632051742724
Test Recall: 0.566453447050462
Test F1: 0.5695908522422727
one epoch time: 43.2304904460907
epoch: 100
Train AUC: 0.9999663031588876
Train Accuracy: 0.9972114272152838
Train Precision: 0.9840518752190677
Train Recall: 0.9994660021359915
Train F1: 0.9916990462734017
Test AUC: 0.8638159143872703
Test Accuracy: 0.8519395913532721
Test Precision: 0.5543628808864266
Test Recall: 0.5689410092395167
Test F1: 0.5615573482988425
one epoch time: 43.19100093841553
